{"/home/rharik/Development/MethodFitness/dagon/babelhook.js":{"path":"/home/rharik/Development/MethodFitness/dagon/babelhook.js","s":{"1":1},"b":{},"f":{},"fnMap":{},"statementMap":{"1":{"start":{"line":3,"column":0},"end":{"line":5,"column":3}}},"branchMap":{}},"/home/rharik/Development/MethodFitness/dagon/src/Container.js":{"path":"/home/rharik/Development/MethodFitness/dagon/src/Container.js","s":{"1":1,"2":1,"3":1,"4":4,"5":4,"6":4,"7":4,"8":4,"9":4,"10":1,"11":1,"12":1,"13":1,"14":0,"15":1,"16":1,"17":9,"18":0,"19":1,"20":1,"21":1,"22":1,"23":1,"24":1,"25":1,"26":1,"27":1,"28":1,"29":1,"30":9,"31":9,"32":9,"33":8,"34":8,"35":8,"36":8,"37":8,"38":8,"39":8,"40":8,"41":1,"42":1,"43":4,"44":59,"45":4,"46":0,"47":0,"48":0,"49":0,"50":0,"51":0,"52":0,"53":2,"54":2,"55":32,"56":32,"57":0,"58":32,"59":0,"60":32,"61":1},"b":{"1":[4,4],"2":[4,0],"3":[1,0],"4":[0,1],"5":[0,9],"6":[9,8],"7":[2,2],"8":[2,2],"9":[0,32],"10":[0,32]},"f":{"1":1,"2":1,"3":1,"4":9,"5":1,"6":9,"7":4,"8":59,"9":0,"10":0,"11":0,"12":0,"13":2,"14":32},"fnMap":{"1":{"name":"(anonymous_1)","line":8,"loc":{"start":{"line":8,"column":20},"end":{"line":8,"column":32}},"skip":true},"2":{"name":"defineProperties","line":8,"loc":{"start":{"line":8,"column":34},"end":{"line":8,"column":75}},"skip":true},"3":{"name":"(anonymous_3)","line":8,"loc":{"start":{"line":8,"column":358},"end":{"line":8,"column":406}},"skip":true},"4":{"name":"_classCallCheck","line":12,"loc":{"start":{"line":12,"column":0},"end":{"line":12,"column":48}},"skip":true},"5":{"name":"(anonymous_5)","line":24,"loc":{"start":{"line":24,"column":18},"end":{"line":24,"column":30}}},"6":{"name":"Container","line":25,"loc":{"start":{"line":25,"column":4},"end":{"line":25,"column":37}}},"7":{"name":"getInstanceOf","line":55,"loc":{"start":{"line":55,"column":15},"end":{"line":55,"column":45}}},"8":{"name":"(anonymous_8)","line":56,"loc":{"start":{"line":56,"column":49},"end":{"line":56,"column":62}}},"9":{"name":"getArrayOfGroup","line":69,"loc":{"start":{"line":69,"column":15},"end":{"line":69,"column":52}}},"10":{"name":"(anonymous_10)","line":70,"loc":{"start":{"line":70,"column":44},"end":{"line":70,"column":57}}},"11":{"name":"getHashOfGroup","line":76,"loc":{"start":{"line":76,"column":15},"end":{"line":76,"column":51}}},"12":{"name":"(anonymous_12)","line":79,"loc":{"start":{"line":79,"column":26},"end":{"line":79,"column":39}}},"13":{"name":"whatDoIHave","line":92,"loc":{"start":{"line":92,"column":15},"end":{"line":92,"column":46}}},"14":{"name":"(anonymous_14)","line":94,"loc":{"start":{"line":94,"column":44},"end":{"line":94,"column":57}}}},"statementMap":{"1":{"start":{"line":8,"column":0},"end":{"line":8,"column":566},"skip":true},"2":{"start":{"line":8,"column":34},"end":{"line":8,"column":350},"skip":true},"3":{"start":{"line":8,"column":77},"end":{"line":8,"column":348},"skip":true},"4":{"start":{"line":8,"column":118},"end":{"line":8,"column":144},"skip":true},"5":{"start":{"line":8,"column":145},"end":{"line":8,"column":200},"skip":true},"6":{"start":{"line":8,"column":201},"end":{"line":8,"column":232},"skip":true},"7":{"start":{"line":8,"column":233},"end":{"line":8,"column":287},"skip":true},"8":{"start":{"line":8,"column":260},"end":{"line":8,"column":287},"skip":true},"9":{"start":{"line":8,"column":288},"end":{"line":8,"column":346},"skip":true},"10":{"start":{"line":8,"column":351},"end":{"line":8,"column":560},"skip":true},"11":{"start":{"line":8,"column":408},"end":{"line":8,"column":476},"skip":true},"12":{"start":{"line":8,"column":424},"end":{"line":8,"column":476},"skip":true},"13":{"start":{"line":8,"column":477},"end":{"line":8,"column":537},"skip":true},"14":{"start":{"line":8,"column":494},"end":{"line":8,"column":537},"skip":true},"15":{"start":{"line":8,"column":538},"end":{"line":8,"column":557},"skip":true},"16":{"start":{"line":12,"column":0},"end":{"line":12,"column":153},"skip":true},"17":{"start":{"line":12,"column":50},"end":{"line":12,"column":151},"skip":true},"18":{"start":{"line":12,"column":92},"end":{"line":12,"column":149},"skip":true},"19":{"start":{"line":14,"column":0},"end":{"line":14,"column":26}},"20":{"start":{"line":15,"column":0},"end":{"line":15,"column":43}},"21":{"start":{"line":16,"column":0},"end":{"line":16,"column":67}},"22":{"start":{"line":17,"column":0},"end":{"line":17,"column":49}},"23":{"start":{"line":18,"column":0},"end":{"line":18,"column":37}},"24":{"start":{"line":19,"column":0},"end":{"line":19,"column":27}},"25":{"start":{"line":20,"column":0},"end":{"line":20,"column":33}},"26":{"start":{"line":21,"column":0},"end":{"line":21,"column":27}},"27":{"start":{"line":22,"column":0},"end":{"line":22,"column":53}},"28":{"start":{"line":24,"column":0},"end":{"line":134,"column":5}},"29":{"start":{"line":25,"column":4},"end":{"line":45,"column":5}},"30":{"start":{"line":26,"column":8},"end":{"line":26,"column":41}},"31":{"start":{"line":28,"column":8},"end":{"line":44,"column":9}},"32":{"start":{"line":29,"column":12},"end":{"line":29,"column":105}},"33":{"start":{"line":31,"column":12},"end":{"line":31,"column":72}},"34":{"start":{"line":32,"column":12},"end":{"line":32,"column":60}},"35":{"start":{"line":34,"column":12},"end":{"line":34,"column":71}},"36":{"start":{"line":35,"column":12},"end":{"line":35,"column":95}},"37":{"start":{"line":37,"column":12},"end":{"line":37,"column":81}},"38":{"start":{"line":38,"column":12},"end":{"line":38,"column":110}},"39":{"start":{"line":40,"column":12},"end":{"line":40,"column":68}},"40":{"start":{"line":41,"column":12},"end":{"line":41,"column":50}},"41":{"start":{"line":43,"column":12},"end":{"line":43,"column":119}},"42":{"start":{"line":53,"column":4},"end":{"line":131,"column":8}},"43":{"start":{"line":56,"column":12},"end":{"line":58,"column":15}},"44":{"start":{"line":57,"column":16},"end":{"line":57,"column":39}},"45":{"start":{"line":59,"column":12},"end":{"line":59,"column":55}},"46":{"start":{"line":70,"column":12},"end":{"line":72,"column":15}},"47":{"start":{"line":71,"column":16},"end":{"line":71,"column":49}},"48":{"start":{"line":77,"column":12},"end":{"line":77,"column":52}},"49":{"start":{"line":78,"column":12},"end":{"line":78,"column":26}},"50":{"start":{"line":79,"column":12},"end":{"line":81,"column":15}},"51":{"start":{"line":80,"column":16},"end":{"line":80,"column":40}},"52":{"start":{"line":82,"column":12},"end":{"line":82,"column":24}},"53":{"start":{"line":93,"column":12},"end":{"line":93,"column":41}},"54":{"start":{"line":94,"column":12},"end":{"line":103,"column":15}},"55":{"start":{"line":95,"column":16},"end":{"line":95,"column":50}},"56":{"start":{"line":96,"column":16},"end":{"line":98,"column":17}},"57":{"start":{"line":97,"column":20},"end":{"line":97,"column":69}},"58":{"start":{"line":99,"column":16},"end":{"line":101,"column":17}},"59":{"start":{"line":100,"column":20},"end":{"line":100,"column":67}},"60":{"start":{"line":102,"column":16},"end":{"line":102,"column":34}},"61":{"start":{"line":133,"column":4},"end":{"line":133,"column":21}}},"branchMap":{"1":{"line":8,"type":"binary-expr","locations":[{"start":{"line":8,"column":169},"end":{"line":8,"column":190},"skip":true},{"start":{"line":8,"column":194},"end":{"line":8,"column":199},"skip":true}]},"2":{"line":8,"type":"if","locations":[{"start":{"line":8,"column":233},"end":{"line":8,"column":233},"skip":true},{"start":{"line":8,"column":233},"end":{"line":8,"column":233},"skip":true}]},"3":{"line":8,"type":"if","locations":[{"start":{"line":8,"column":408},"end":{"line":8,"column":408},"skip":true},{"start":{"line":8,"column":408},"end":{"line":8,"column":408},"skip":true}]},"4":{"line":8,"type":"if","locations":[{"start":{"line":8,"column":477},"end":{"line":8,"column":477},"skip":true},{"start":{"line":8,"column":477},"end":{"line":8,"column":477},"skip":true}]},"5":{"line":12,"type":"if","locations":[{"start":{"line":12,"column":50},"end":{"line":12,"column":50},"skip":true},{"start":{"line":12,"column":50},"end":{"line":12,"column":50},"skip":true}]},"6":{"line":29,"type":"binary-expr","locations":[{"start":{"line":29,"column":22},"end":{"line":29,"column":34}},{"start":{"line":29,"column":38},"end":{"line":29,"column":64}}]},"7":{"line":59,"type":"cond-expr","locations":[{"start":{"line":59,"column":26},"end":{"line":59,"column":47}},{"start":{"line":59,"column":50},"end":{"line":59,"column":54}}]},"8":{"line":93,"type":"binary-expr","locations":[{"start":{"line":93,"column":26},"end":{"line":93,"column":34}},{"start":{"line":93,"column":38},"end":{"line":93,"column":40}}]},"9":{"line":96,"type":"if","locations":[{"start":{"line":96,"column":16},"end":{"line":96,"column":16}},{"start":{"line":96,"column":16},"end":{"line":96,"column":16}}]},"10":{"line":99,"type":"if","locations":[{"start":{"line":99,"column":16},"end":{"line":99,"column":16}},{"start":{"line":99,"column":16},"end":{"line":99,"column":16}}]}}},"/home/rharik/Development/MethodFitness/dagon/src/RegistryDSL.js":{"path":"/home/rharik/Development/MethodFitness/dagon/src/RegistryDSL.js","s":{"1":1,"2":1,"3":1,"4":13,"5":13,"6":13,"7":13,"8":13,"9":13,"10":1,"11":1,"12":1,"13":1,"14":0,"15":1,"16":1,"17":30,"18":0,"19":1,"20":1,"21":1,"22":1,"23":1,"24":1,"25":1,"26":30,"27":30,"28":30,"29":30,"30":1,"31":19,"32":19,"33":19,"34":18,"35":18,"36":18,"37":2,"38":2,"39":1,"40":1,"41":1,"42":1,"43":1,"44":17,"45":15,"46":1,"47":2,"48":1,"49":1,"50":1,"51":1,"52":1,"53":5,"54":5,"55":3,"56":2,"57":2,"58":2,"59":2,"60":2,"61":2,"62":26,"63":23,"64":2,"65":21,"66":20,"67":20,"68":20,"69":20,"70":29,"71":20,"72":19,"73":18,"74":17,"75":17,"76":17,"77":17,"78":17,"79":2,"80":2,"81":2,"82":2,"83":2,"84":36,"85":16,"86":16,"87":2,"88":2,"89":1,"90":1,"91":1,"92":3,"93":3,"94":3,"95":27,"96":27,"97":2,"98":27,"99":27,"100":24,"101":24,"102":62,"103":62,"104":0,"105":62,"106":62,"107":62,"108":62,"109":62,"110":62,"111":62,"112":62,"113":62,"114":12,"115":12,"116":1},"b":{"1":[13,13],"2":[13,0],"3":[1,0],"4":[0,1],"5":[0,30],"6":[2,0],"7":[20,20],"8":[17,0],"9":[17,16],"10":[16,20],"11":[2,25],"12":[27,27],"13":[0,62],"14":[62,39]},"f":{"1":1,"2":1,"3":1,"4":30,"5":1,"6":30,"7":19,"8":2,"9":17,"10":15,"11":2,"12":5,"13":26,"14":23,"15":21,"16":29,"17":19,"18":2,"19":36,"20":2,"21":3,"22":27,"23":27,"24":24,"25":24,"26":62,"27":62,"28":12},"fnMap":{"1":{"name":"(anonymous_1)","line":9,"loc":{"start":{"line":9,"column":20},"end":{"line":9,"column":32}},"skip":true},"2":{"name":"defineProperties","line":9,"loc":{"start":{"line":9,"column":34},"end":{"line":9,"column":75}},"skip":true},"3":{"name":"(anonymous_3)","line":9,"loc":{"start":{"line":9,"column":358},"end":{"line":9,"column":406}},"skip":true},"4":{"name":"_classCallCheck","line":13,"loc":{"start":{"line":13,"column":0},"end":{"line":13,"column":48}},"skip":true},"5":{"name":"(anonymous_5)","line":21,"loc":{"start":{"line":21,"column":18},"end":{"line":21,"column":30}}},"6":{"name":"RegistryDSL","line":22,"loc":{"start":{"line":22,"column":4},"end":{"line":22,"column":27}}},"7":{"name":"pathToRoot","line":37,"loc":{"start":{"line":37,"column":15},"end":{"line":37,"column":42}}},"8":{"name":"requireDirectory","line":54,"loc":{"start":{"line":54,"column":15},"end":{"line":54,"column":46}}},"9":{"name":"(anonymous_9)","line":64,"loc":{"start":{"line":64,"column":47},"end":{"line":64,"column":60}}},"10":{"name":"(anonymous_10)","line":66,"loc":{"start":{"line":66,"column":23},"end":{"line":66,"column":36}}},"11":{"name":"requireDirectoryRecursively","line":78,"loc":{"start":{"line":78,"column":15},"end":{"line":78,"column":57}}},"12":{"name":"groupAllInDirectory","line":94,"loc":{"start":{"line":94,"column":15},"end":{"line":94,"column":61}}},"13":{"name":"(anonymous_13)","line":106,"loc":{"start":{"line":106,"column":47},"end":{"line":106,"column":60}}},"14":{"name":"(anonymous_14)","line":108,"loc":{"start":{"line":108,"column":23},"end":{"line":108,"column":36}}},"15":{"name":"_for","line":121,"loc":{"start":{"line":121,"column":15},"end":{"line":121,"column":36}}},"16":{"name":"(anonymous_16)","line":126,"loc":{"start":{"line":126,"column":75},"end":{"line":126,"column":88}}},"17":{"name":"require","line":139,"loc":{"start":{"line":139,"column":15},"end":{"line":139,"column":39}}},"18":{"name":"renameTo","line":157,"loc":{"start":{"line":157,"column":15},"end":{"line":157,"column":39}}},"19":{"name":"completeDependencyDeclaration","line":166,"loc":{"start":{"line":166,"column":15},"end":{"line":166,"column":56}}},"20":{"name":"instantiate","line":179,"loc":{"start":{"line":179,"column":15},"end":{"line":179,"column":42}}},"21":{"name":"recurseDirectories","line":188,"loc":{"start":{"line":188,"column":15},"end":{"line":188,"column":48}}},"22":{"name":"(anonymous_22)","line":194,"loc":{"start":{"line":194,"column":43},"end":{"line":194,"column":56}}},"23":{"name":"(anonymous_23)","line":200,"loc":{"start":{"line":200,"column":22},"end":{"line":200,"column":35}}},"24":{"name":"(anonymous_24)","line":202,"loc":{"start":{"line":202,"column":19},"end":{"line":202,"column":32}}},"25":{"name":"(anonymous_25)","line":204,"loc":{"start":{"line":204,"column":23},"end":{"line":204,"column":36}}},"26":{"name":"processFile","line":210,"loc":{"start":{"line":210,"column":15},"end":{"line":210,"column":58}}},"27":{"name":"normalizeName","line":225,"loc":{"start":{"line":225,"column":15},"end":{"line":225,"column":44}}},"28":{"name":"complete","line":233,"loc":{"start":{"line":233,"column":15},"end":{"line":233,"column":35}}}},"statementMap":{"1":{"start":{"line":9,"column":0},"end":{"line":9,"column":566},"skip":true},"2":{"start":{"line":9,"column":34},"end":{"line":9,"column":350},"skip":true},"3":{"start":{"line":9,"column":77},"end":{"line":9,"column":348},"skip":true},"4":{"start":{"line":9,"column":118},"end":{"line":9,"column":144},"skip":true},"5":{"start":{"line":9,"column":145},"end":{"line":9,"column":200},"skip":true},"6":{"start":{"line":9,"column":201},"end":{"line":9,"column":232},"skip":true},"7":{"start":{"line":9,"column":233},"end":{"line":9,"column":287},"skip":true},"8":{"start":{"line":9,"column":260},"end":{"line":9,"column":287},"skip":true},"9":{"start":{"line":9,"column":288},"end":{"line":9,"column":346},"skip":true},"10":{"start":{"line":9,"column":351},"end":{"line":9,"column":560},"skip":true},"11":{"start":{"line":9,"column":408},"end":{"line":9,"column":476},"skip":true},"12":{"start":{"line":9,"column":424},"end":{"line":9,"column":476},"skip":true},"13":{"start":{"line":9,"column":477},"end":{"line":9,"column":537},"skip":true},"14":{"start":{"line":9,"column":494},"end":{"line":9,"column":537},"skip":true},"15":{"start":{"line":9,"column":538},"end":{"line":9,"column":557},"skip":true},"16":{"start":{"line":13,"column":0},"end":{"line":13,"column":153},"skip":true},"17":{"start":{"line":13,"column":50},"end":{"line":13,"column":151},"skip":true},"18":{"start":{"line":13,"column":92},"end":{"line":13,"column":149},"skip":true},"19":{"start":{"line":15,"column":0},"end":{"line":15,"column":37}},"20":{"start":{"line":16,"column":0},"end":{"line":16,"column":27}},"21":{"start":{"line":17,"column":0},"end":{"line":17,"column":23}},"22":{"start":{"line":18,"column":0},"end":{"line":18,"column":49}},"23":{"start":{"line":19,"column":0},"end":{"line":19,"column":33}},"24":{"start":{"line":21,"column":0},"end":{"line":244,"column":5}},"25":{"start":{"line":22,"column":4},"end":{"line":28,"column":5}},"26":{"start":{"line":23,"column":8},"end":{"line":23,"column":43}},"27":{"start":{"line":25,"column":8},"end":{"line":25,"column":28}},"28":{"start":{"line":26,"column":8},"end":{"line":26,"column":41}},"29":{"start":{"line":27,"column":8},"end":{"line":27,"column":36}},"30":{"start":{"line":35,"column":4},"end":{"line":241,"column":8}},"31":{"start":{"line":38,"column":12},"end":{"line":38,"column":85}},"32":{"start":{"line":39,"column":12},"end":{"line":39,"column":40}},"33":{"start":{"line":40,"column":12},"end":{"line":40,"column":79}},"34":{"start":{"line":41,"column":12},"end":{"line":41,"column":119}},"35":{"start":{"line":42,"column":12},"end":{"line":42,"column":123}},"36":{"start":{"line":43,"column":12},"end":{"line":43,"column":24}},"37":{"start":{"line":57,"column":12},"end":{"line":57,"column":29},"skip":true},"38":{"start":{"line":59,"column":12},"end":{"line":59,"column":65}},"39":{"start":{"line":60,"column":12},"end":{"line":60,"column":104}},"40":{"start":{"line":61,"column":12},"end":{"line":61,"column":49}},"41":{"start":{"line":62,"column":12},"end":{"line":62,"column":66}},"42":{"start":{"line":63,"column":12},"end":{"line":63,"column":114}},"43":{"start":{"line":64,"column":12},"end":{"line":68,"column":15}},"44":{"start":{"line":65,"column":16},"end":{"line":65,"column":41}},"45":{"start":{"line":67,"column":16},"end":{"line":67,"column":92}},"46":{"start":{"line":69,"column":12},"end":{"line":69,"column":24}},"47":{"start":{"line":79,"column":12},"end":{"line":79,"column":65}},"48":{"start":{"line":80,"column":12},"end":{"line":80,"column":115}},"49":{"start":{"line":81,"column":12},"end":{"line":81,"column":49}},"50":{"start":{"line":82,"column":12},"end":{"line":82,"column":66}},"51":{"start":{"line":83,"column":12},"end":{"line":83,"column":49}},"52":{"start":{"line":84,"column":12},"end":{"line":84,"column":24}},"53":{"start":{"line":97,"column":12},"end":{"line":97,"column":30},"skip":true},"54":{"start":{"line":99,"column":12},"end":{"line":99,"column":65}},"55":{"start":{"line":100,"column":12},"end":{"line":100,"column":73}},"56":{"start":{"line":101,"column":12},"end":{"line":101,"column":107}},"57":{"start":{"line":102,"column":12},"end":{"line":102,"column":68}},"58":{"start":{"line":103,"column":12},"end":{"line":103,"column":49}},"59":{"start":{"line":104,"column":12},"end":{"line":104,"column":66}},"60":{"start":{"line":105,"column":12},"end":{"line":105,"column":114}},"61":{"start":{"line":106,"column":12},"end":{"line":110,"column":15}},"62":{"start":{"line":107,"column":16},"end":{"line":107,"column":41}},"63":{"start":{"line":109,"column":16},"end":{"line":109,"column":105}},"64":{"start":{"line":111,"column":12},"end":{"line":111,"column":24}},"65":{"start":{"line":122,"column":12},"end":{"line":122,"column":78}},"66":{"start":{"line":123,"column":12},"end":{"line":123,"column":79}},"67":{"start":{"line":124,"column":12},"end":{"line":124,"column":49}},"68":{"start":{"line":125,"column":12},"end":{"line":125,"column":85}},"69":{"start":{"line":126,"column":12},"end":{"line":128,"column":34}},"70":{"start":{"line":127,"column":16},"end":{"line":127,"column":39}},"71":{"start":{"line":129,"column":12},"end":{"line":129,"column":24}},"72":{"start":{"line":140,"column":12},"end":{"line":140,"column":76}},"73":{"start":{"line":141,"column":12},"end":{"line":141,"column":99}},"74":{"start":{"line":142,"column":12},"end":{"line":142,"column":53}},"75":{"start":{"line":143,"column":12},"end":{"line":146,"column":13}},"76":{"start":{"line":144,"column":16},"end":{"line":144,"column":60}},"77":{"start":{"line":145,"column":16},"end":{"line":145,"column":89}},"78":{"start":{"line":147,"column":12},"end":{"line":147,"column":24}},"79":{"start":{"line":158,"column":12},"end":{"line":158,"column":81}},"80":{"start":{"line":159,"column":12},"end":{"line":159,"column":100}},"81":{"start":{"line":160,"column":12},"end":{"line":160,"column":59}},"82":{"start":{"line":161,"column":12},"end":{"line":161,"column":55}},"83":{"start":{"line":162,"column":12},"end":{"line":162,"column":24}},"84":{"start":{"line":167,"column":12},"end":{"line":170,"column":13}},"85":{"start":{"line":168,"column":16},"end":{"line":168,"column":78}},"86":{"start":{"line":169,"column":16},"end":{"line":169,"column":51}},"87":{"start":{"line":180,"column":12},"end":{"line":180,"column":71}},"88":{"start":{"line":181,"column":12},"end":{"line":181,"column":103}},"89":{"start":{"line":182,"column":12},"end":{"line":182,"column":90}},"90":{"start":{"line":183,"column":12},"end":{"line":183,"column":100}},"91":{"start":{"line":184,"column":12},"end":{"line":184,"column":24}},"92":{"start":{"line":191,"column":12},"end":{"line":191,"column":30},"skip":true},"93":{"start":{"line":193,"column":12},"end":{"line":193,"column":85}},"94":{"start":{"line":194,"column":12},"end":{"line":206,"column":15}},"95":{"start":{"line":195,"column":16},"end":{"line":195,"column":54}},"96":{"start":{"line":196,"column":16},"end":{"line":198,"column":17}},"97":{"start":{"line":197,"column":20},"end":{"line":197,"column":61}},"98":{"start":{"line":199,"column":16},"end":{"line":199,"column":25}},"99":{"start":{"line":201,"column":16},"end":{"line":201,"column":41}},"100":{"start":{"line":203,"column":16},"end":{"line":203,"column":50}},"101":{"start":{"line":205,"column":16},"end":{"line":205,"column":61}},"102":{"start":{"line":211,"column":12},"end":{"line":211,"column":82}},"103":{"start":{"line":212,"column":12},"end":{"line":214,"column":13}},"104":{"start":{"line":213,"column":16},"end":{"line":213,"column":23}},"105":{"start":{"line":215,"column":12},"end":{"line":215,"column":43}},"106":{"start":{"line":216,"column":12},"end":{"line":216,"column":40}},"107":{"start":{"line":217,"column":12},"end":{"line":217,"column":48}},"108":{"start":{"line":218,"column":12},"end":{"line":218,"column":108}},"109":{"start":{"line":219,"column":12},"end":{"line":219,"column":90}},"110":{"start":{"line":226,"column":12},"end":{"line":226,"column":46}},"111":{"start":{"line":227,"column":12},"end":{"line":227,"column":44}},"112":{"start":{"line":228,"column":12},"end":{"line":228,"column":91}},"113":{"start":{"line":229,"column":12},"end":{"line":229,"column":24}},"114":{"start":{"line":234,"column":12},"end":{"line":234,"column":49}},"115":{"start":{"line":236,"column":12},"end":{"line":239,"column":14}},"116":{"start":{"line":243,"column":4},"end":{"line":243,"column":23}}},"branchMap":{"1":{"line":9,"type":"binary-expr","locations":[{"start":{"line":9,"column":169},"end":{"line":9,"column":190},"skip":true},{"start":{"line":9,"column":194},"end":{"line":9,"column":199},"skip":true}]},"2":{"line":9,"type":"if","locations":[{"start":{"line":9,"column":233},"end":{"line":9,"column":233},"skip":true},{"start":{"line":9,"column":233},"end":{"line":9,"column":233},"skip":true}]},"3":{"line":9,"type":"if","locations":[{"start":{"line":9,"column":408},"end":{"line":9,"column":408},"skip":true},{"start":{"line":9,"column":408},"end":{"line":9,"column":408},"skip":true}]},"4":{"line":9,"type":"if","locations":[{"start":{"line":9,"column":477},"end":{"line":9,"column":477},"skip":true},{"start":{"line":9,"column":477},"end":{"line":9,"column":477},"skip":true}]},"5":{"line":13,"type":"if","locations":[{"start":{"line":13,"column":50},"end":{"line":13,"column":50},"skip":true},{"start":{"line":13,"column":50},"end":{"line":13,"column":50},"skip":true}]},"6":{"line":102,"type":"binary-expr","locations":[{"start":{"line":102,"column":28},"end":{"line":102,"column":38}},{"start":{"line":102,"column":42},"end":{"line":102,"column":67}}]},"7":{"line":126,"type":"binary-expr","locations":[{"start":{"line":126,"column":42},"end":{"line":128,"column":14}},{"start":{"line":128,"column":18},"end":{"line":128,"column":33}}]},"8":{"line":143,"type":"if","locations":[{"start":{"line":143,"column":12},"end":{"line":143,"column":12}},{"start":{"line":143,"column":12},"end":{"line":143,"column":12}}]},"9":{"line":143,"type":"binary-expr","locations":[{"start":{"line":143,"column":16},"end":{"line":143,"column":37}},{"start":{"line":143,"column":41},"end":{"line":143,"column":60}}]},"10":{"line":167,"type":"if","locations":[{"start":{"line":167,"column":12},"end":{"line":167,"column":12}},{"start":{"line":167,"column":12},"end":{"line":167,"column":12}}]},"11":{"line":196,"type":"if","locations":[{"start":{"line":196,"column":16},"end":{"line":196,"column":16}},{"start":{"line":196,"column":16},"end":{"line":196,"column":16}}]},"12":{"line":196,"type":"binary-expr","locations":[{"start":{"line":196,"column":20},"end":{"line":196,"column":24}},{"start":{"line":196,"column":28},"end":{"line":196,"column":46}}]},"13":{"line":212,"type":"if","locations":[{"start":{"line":212,"column":12},"end":{"line":212,"column":12}},{"start":{"line":212,"column":12},"end":{"line":212,"column":12}}]},"14":{"line":219,"type":"binary-expr","locations":[{"start":{"line":219,"column":72},"end":{"line":219,"column":81}},{"start":{"line":219,"column":85},"end":{"line":219,"column":87}}]}}},"/home/rharik/Development/MethodFitness/dagon/src/InstantiateDSL.js":{"path":"/home/rharik/Development/MethodFitness/dagon/src/InstantiateDSL.js","s":{"1":1,"2":1,"3":1,"4":6,"5":6,"6":6,"7":6,"8":6,"9":6,"10":1,"11":1,"12":1,"13":1,"14":0,"15":1,"16":1,"17":13,"18":0,"19":1,"20":1,"21":1,"22":1,"23":13,"24":13,"25":1,"26":5,"27":5,"28":5,"29":0,"30":0,"31":0,"32":5,"33":5,"34":4,"35":3,"36":3,"37":1,"38":1,"39":2,"40":1,"41":2,"42":3,"43":7,"44":6,"45":6,"46":6,"47":5,"48":5,"49":4,"50":3,"51":3,"52":3,"53":1,"54":1,"55":2,"56":1,"57":2,"58":3,"59":2,"60":1},"b":{"1":[6,6],"2":[6,0],"3":[1,0],"4":[0,1],"5":[0,13],"6":[1,2],"7":[1,2]},"f":{"1":1,"2":1,"3":1,"4":13,"5":1,"6":13,"7":5,"8":0,"9":5,"10":2,"11":7,"12":5,"13":2,"14":2},"fnMap":{"1":{"name":"(anonymous_1)","line":9,"loc":{"start":{"line":9,"column":20},"end":{"line":9,"column":32}},"skip":true},"2":{"name":"defineProperties","line":9,"loc":{"start":{"line":9,"column":34},"end":{"line":9,"column":75}},"skip":true},"3":{"name":"(anonymous_3)","line":9,"loc":{"start":{"line":9,"column":358},"end":{"line":9,"column":406}},"skip":true},"4":{"name":"_classCallCheck","line":13,"loc":{"start":{"line":13,"column":0},"end":{"line":13,"column":48}},"skip":true},"5":{"name":"(anonymous_5)","line":18,"loc":{"start":{"line":18,"column":18},"end":{"line":18,"column":30}}},"6":{"name":"InstantiateDSL","line":19,"loc":{"start":{"line":19,"column":4},"end":{"line":19,"column":30}}},"7":{"name":"asClass","line":27,"loc":{"start":{"line":27,"column":15},"end":{"line":27,"column":34}}},"8":{"name":"asFunc","line":34,"loc":{"start":{"line":34,"column":15},"end":{"line":34,"column":33}}},"9":{"name":"withParameters","line":41,"loc":{"start":{"line":41,"column":15},"end":{"line":41,"column":51}}},"10":{"name":"(anonymous_10)","line":50,"loc":{"start":{"line":50,"column":47},"end":{"line":50,"column":60}}},"11":{"name":"initializeWithMethod","line":61,"loc":{"start":{"line":61,"column":15},"end":{"line":61,"column":53}}},"12":{"name":"withInitParameters","line":69,"loc":{"start":{"line":69,"column":15},"end":{"line":69,"column":51}}},"13":{"name":"(anonymous_13)","line":79,"loc":{"start":{"line":79,"column":47},"end":{"line":79,"column":60}}},"14":{"name":"getOptions","line":90,"loc":{"start":{"line":90,"column":15},"end":{"line":90,"column":37}}}},"statementMap":{"1":{"start":{"line":9,"column":0},"end":{"line":9,"column":566},"skip":true},"2":{"start":{"line":9,"column":34},"end":{"line":9,"column":350},"skip":true},"3":{"start":{"line":9,"column":77},"end":{"line":9,"column":348},"skip":true},"4":{"start":{"line":9,"column":118},"end":{"line":9,"column":144},"skip":true},"5":{"start":{"line":9,"column":145},"end":{"line":9,"column":200},"skip":true},"6":{"start":{"line":9,"column":201},"end":{"line":9,"column":232},"skip":true},"7":{"start":{"line":9,"column":233},"end":{"line":9,"column":287},"skip":true},"8":{"start":{"line":9,"column":260},"end":{"line":9,"column":287},"skip":true},"9":{"start":{"line":9,"column":288},"end":{"line":9,"column":346},"skip":true},"10":{"start":{"line":9,"column":351},"end":{"line":9,"column":560},"skip":true},"11":{"start":{"line":9,"column":408},"end":{"line":9,"column":476},"skip":true},"12":{"start":{"line":9,"column":424},"end":{"line":9,"column":476},"skip":true},"13":{"start":{"line":9,"column":477},"end":{"line":9,"column":537},"skip":true},"14":{"start":{"line":9,"column":494},"end":{"line":9,"column":537},"skip":true},"15":{"start":{"line":9,"column":538},"end":{"line":9,"column":557},"skip":true},"16":{"start":{"line":13,"column":0},"end":{"line":13,"column":153},"skip":true},"17":{"start":{"line":13,"column":50},"end":{"line":13,"column":151},"skip":true},"18":{"start":{"line":13,"column":92},"end":{"line":13,"column":149},"skip":true},"19":{"start":{"line":15,"column":0},"end":{"line":15,"column":37}},"20":{"start":{"line":16,"column":0},"end":{"line":16,"column":33}},"21":{"start":{"line":18,"column":0},"end":{"line":96,"column":5}},"22":{"start":{"line":19,"column":4},"end":{"line":23,"column":5}},"23":{"start":{"line":20,"column":8},"end":{"line":20,"column":46}},"24":{"start":{"line":22,"column":8},"end":{"line":22,"column":35}},"25":{"start":{"line":25,"column":4},"end":{"line":93,"column":8}},"26":{"start":{"line":28,"column":12},"end":{"line":28,"column":53}},"27":{"start":{"line":29,"column":12},"end":{"line":29,"column":59}},"28":{"start":{"line":30,"column":12},"end":{"line":30,"column":24}},"29":{"start":{"line":35,"column":12},"end":{"line":35,"column":52}},"30":{"start":{"line":36,"column":12},"end":{"line":36,"column":58}},"31":{"start":{"line":37,"column":12},"end":{"line":37,"column":24}},"32":{"start":{"line":43,"column":12},"end":{"line":43,"column":39},"skip":true},"33":{"start":{"line":45,"column":12},"end":{"line":45,"column":144}},"34":{"start":{"line":46,"column":12},"end":{"line":46,"column":95}},"35":{"start":{"line":47,"column":12},"end":{"line":47,"column":124}},"36":{"start":{"line":48,"column":12},"end":{"line":56,"column":13}},"37":{"start":{"line":49,"column":16},"end":{"line":49,"column":33}},"38":{"start":{"line":50,"column":16},"end":{"line":52,"column":19}},"39":{"start":{"line":51,"column":20},"end":{"line":51,"column":55}},"40":{"start":{"line":53,"column":16},"end":{"line":53,"column":59}},"41":{"start":{"line":55,"column":16},"end":{"line":55,"column":62}},"42":{"start":{"line":57,"column":12},"end":{"line":57,"column":24}},"43":{"start":{"line":62,"column":12},"end":{"line":62,"column":83}},"44":{"start":{"line":63,"column":12},"end":{"line":63,"column":144}},"45":{"start":{"line":64,"column":12},"end":{"line":64,"column":64}},"46":{"start":{"line":65,"column":12},"end":{"line":65,"column":24}},"47":{"start":{"line":71,"column":12},"end":{"line":71,"column":40},"skip":true},"48":{"start":{"line":73,"column":12},"end":{"line":73,"column":138}},"49":{"start":{"line":74,"column":12},"end":{"line":74,"column":93}},"50":{"start":{"line":75,"column":12},"end":{"line":75,"column":118}},"51":{"start":{"line":76,"column":12},"end":{"line":76,"column":128}},"52":{"start":{"line":77,"column":12},"end":{"line":85,"column":13}},"53":{"start":{"line":78,"column":16},"end":{"line":78,"column":33}},"54":{"start":{"line":79,"column":16},"end":{"line":81,"column":19}},"55":{"start":{"line":80,"column":20},"end":{"line":80,"column":56}},"56":{"start":{"line":82,"column":16},"end":{"line":82,"column":63}},"57":{"start":{"line":84,"column":16},"end":{"line":84,"column":62}},"58":{"start":{"line":86,"column":12},"end":{"line":86,"column":24}},"59":{"start":{"line":91,"column":12},"end":{"line":91,"column":41}},"60":{"start":{"line":95,"column":4},"end":{"line":95,"column":26}}},"branchMap":{"1":{"line":9,"type":"binary-expr","locations":[{"start":{"line":9,"column":169},"end":{"line":9,"column":190},"skip":true},{"start":{"line":9,"column":194},"end":{"line":9,"column":199},"skip":true}]},"2":{"line":9,"type":"if","locations":[{"start":{"line":9,"column":233},"end":{"line":9,"column":233},"skip":true},{"start":{"line":9,"column":233},"end":{"line":9,"column":233},"skip":true}]},"3":{"line":9,"type":"if","locations":[{"start":{"line":9,"column":408},"end":{"line":9,"column":408},"skip":true},{"start":{"line":9,"column":408},"end":{"line":9,"column":408},"skip":true}]},"4":{"line":9,"type":"if","locations":[{"start":{"line":9,"column":477},"end":{"line":9,"column":477},"skip":true},{"start":{"line":9,"column":477},"end":{"line":9,"column":477},"skip":true}]},"5":{"line":13,"type":"if","locations":[{"start":{"line":13,"column":50},"end":{"line":13,"column":50},"skip":true},{"start":{"line":13,"column":50},"end":{"line":13,"column":50},"skip":true}]},"6":{"line":48,"type":"if","locations":[{"start":{"line":48,"column":12},"end":{"line":48,"column":12}},{"start":{"line":48,"column":12},"end":{"line":48,"column":12}}]},"7":{"line":77,"type":"if","locations":[{"start":{"line":77,"column":12},"end":{"line":77,"column":12}},{"start":{"line":77,"column":12},"end":{"line":77,"column":12}}]}}},"/home/rharik/Development/MethodFitness/dagon/src/logger.js":{"path":"/home/rharik/Development/MethodFitness/dagon/src/logger.js","s":{"1":1,"2":1,"3":1},"b":{},"f":{},"fnMap":{},"statementMap":{"1":{"start":{"line":3,"column":0},"end":{"line":3,"column":46}},"2":{"start":{"line":4,"column":0},"end":{"line":4,"column":31}},"3":{"start":{"line":6,"column":0},"end":{"line":11,"column":3}}},"branchMap":{}},"/home/rharik/Development/MethodFitness/dagon/src/logger_module/index.js":{"path":"/home/rharik/Development/MethodFitness/dagon/src/logger_module/index.js","s":{"1":1,"2":1,"3":1,"4":1,"5":1,"6":1,"7":1,"8":0,"9":0,"10":0,"11":0,"12":1,"13":0,"14":0,"15":0,"16":0,"17":1,"18":0,"19":0,"20":0,"21":0,"22":1,"23":0,"24":1,"25":1,"26":1,"27":0,"28":1,"29":0,"30":0,"31":1,"32":0,"33":0,"34":1,"35":8,"36":8,"37":1,"38":11,"39":11,"40":1,"41":4153,"42":4153,"43":1,"44":4172,"45":0,"46":4172,"47":4172,"48":0,"49":4172,"50":0,"51":4172,"52":4172,"53":0,"54":4172,"55":1,"56":0,"57":0,"58":0,"59":0,"60":0,"61":0,"62":0,"63":0,"64":0,"65":0,"66":0,"67":0,"68":0,"69":0,"70":1,"71":0,"72":0,"73":0,"74":1,"75":4172,"76":1,"77":0,"78":1,"79":4172,"80":1,"81":0,"82":1,"83":0,"84":1,"85":0,"86":0,"87":1,"88":1,"89":1},"b":{"1":[0,1],"2":[0,4172],"3":[0,4172],"4":[0,4172],"5":[4172,0],"6":[0,0],"7":[0,0,0],"8":[0,0],"9":[0,0],"10":[0,0],"11":[0,0],"12":[0,0],"13":[0,0],"14":[0,0],"15":[0,0],"16":[0,0],"17":[0,0],"18":[4172,0],"19":[0,0]},"f":{"1":1,"2":0,"3":0,"4":0,"5":0,"6":1,"7":1,"8":0,"9":0,"10":8,"11":11,"12":4153,"13":4172,"14":0,"15":0,"16":4172,"17":0,"18":4172,"19":0,"20":0,"21":0,"22":0},"fnMap":{"1":{"name":"loggerBase","line":12,"loc":{"start":{"line":12,"column":17},"end":{"line":12,"column":46}},"skip":true},"2":{"name":"addConsoleSink","line":74,"loc":{"start":{"line":74,"column":4},"end":{"line":74,"column":37}},"skip":true},"3":{"name":"addDailyRotateFileSink","line":81,"loc":{"start":{"line":81,"column":4},"end":{"line":81,"column":45}},"skip":true},"4":{"name":"addLogstashSink","line":88,"loc":{"start":{"line":88,"column":4},"end":{"line":88,"column":38}},"skip":true},"5":{"name":"clearTestSink","line":95,"loc":{"start":{"line":95,"column":4},"end":{"line":95,"column":29}},"skip":true},"6":{"name":"validate","line":99,"loc":{"start":{"line":99,"column":4},"end":{"line":99,"column":38}},"skip":true},"7":{"name":"(anonymous_7)","line":100,"loc":{"start":{"line":100,"column":61},"end":{"line":100,"column":76}},"skip":true},"8":{"name":"error","line":105,"loc":{"start":{"line":105,"column":4},"end":{"line":105,"column":28}},"skip":true},"9":{"name":"warn","line":110,"loc":{"start":{"line":110,"column":4},"end":{"line":110,"column":27}},"skip":true},"10":{"name":"info","line":115,"loc":{"start":{"line":115,"column":4},"end":{"line":115,"column":27}},"skip":true},"11":{"name":"debug","line":120,"loc":{"start":{"line":120,"column":4},"end":{"line":120,"column":28}},"skip":true},"12":{"name":"trace","line":125,"loc":{"start":{"line":125,"column":4},"end":{"line":125,"column":28}},"skip":true},"13":{"name":"mapContext","line":130,"loc":{"start":{"line":130,"column":4},"end":{"line":130,"column":40}},"skip":true},"14":{"name":"mapObject","line":142,"loc":{"start":{"line":142,"column":4},"end":{"line":142,"column":41}},"skip":true},"15":{"name":"mapError","line":154,"loc":{"start":{"line":154,"column":4},"end":{"line":154,"column":36}},"skip":true},"16":{"name":"createEmptyMessage","line":161,"loc":{"start":{"line":161,"column":4},"end":{"line":161,"column":39}},"skip":true},"17":{"name":"isNumeric","line":179,"loc":{"start":{"line":179,"column":4},"end":{"line":179,"column":30}},"skip":true},"18":{"name":"isString","line":183,"loc":{"start":{"line":183,"column":4},"end":{"line":183,"column":29}},"skip":true},"19":{"name":"isObject","line":187,"loc":{"start":{"line":187,"column":4},"end":{"line":187,"column":29}},"skip":true},"20":{"name":"isArray","line":191,"loc":{"start":{"line":191,"column":4},"end":{"line":191,"column":28}},"skip":true},"21":{"name":"getContext","line":196,"loc":{"start":{"line":196,"column":20},"end":{"line":196,"column":42}},"skip":true},"22":{"name":"exposeInternals","line":200,"loc":{"start":{"line":200,"column":25},"end":{"line":200,"column":52}},"skip":true}},"statementMap":{"1":{"start":{"line":3,"column":0},"end":{"line":8,"column":40}},"2":{"start":{"line":10,"column":0},"end":{"line":10,"column":28}},"3":{"start":{"line":12,"column":0},"end":{"line":213,"column":2},"skip":true},"4":{"start":{"line":13,"column":4},"end":{"line":69,"column":6},"skip":true},"5":{"start":{"line":71,"column":4},"end":{"line":71,"column":54},"skip":true},"6":{"start":{"line":72,"column":4},"end":{"line":72,"column":82},"skip":true},"7":{"start":{"line":74,"column":4},"end":{"line":79,"column":5},"skip":true},"8":{"start":{"line":75,"column":8},"end":{"line":75,"column":52},"skip":true},"9":{"start":{"line":76,"column":8},"end":{"line":76,"column":81},"skip":true},"10":{"start":{"line":77,"column":8},"end":{"line":77,"column":92},"skip":true},"11":{"start":{"line":78,"column":8},"end":{"line":78,"column":20},"skip":true},"12":{"start":{"line":81,"column":4},"end":{"line":86,"column":5},"skip":true},"13":{"start":{"line":82,"column":8},"end":{"line":82,"column":60},"skip":true},"14":{"start":{"line":83,"column":8},"end":{"line":83,"column":97},"skip":true},"15":{"start":{"line":84,"column":8},"end":{"line":84,"column":108},"skip":true},"16":{"start":{"line":85,"column":8},"end":{"line":85,"column":20},"skip":true},"17":{"start":{"line":88,"column":4},"end":{"line":93,"column":5},"skip":true},"18":{"start":{"line":89,"column":8},"end":{"line":89,"column":53},"skip":true},"19":{"start":{"line":90,"column":8},"end":{"line":90,"column":83},"skip":true},"20":{"start":{"line":91,"column":8},"end":{"line":91,"column":94},"skip":true},"21":{"start":{"line":92,"column":8},"end":{"line":92,"column":20},"skip":true},"22":{"start":{"line":95,"column":4},"end":{"line":97,"column":5},"skip":true},"23":{"start":{"line":96,"column":8},"end":{"line":96,"column":45},"skip":true},"24":{"start":{"line":99,"column":4},"end":{"line":103,"column":5},"skip":true},"25":{"start":{"line":100,"column":8},"end":{"line":102,"column":11},"skip":true},"26":{"start":{"line":101,"column":12},"end":{"line":101,"column":31},"skip":true},"27":{"start":{"line":101,"column":21},"end":{"line":101,"column":31},"skip":true},"28":{"start":{"line":105,"column":4},"end":{"line":108,"column":5},"skip":true},"29":{"start":{"line":106,"column":8},"end":{"line":106,"column":69},"skip":true},"30":{"start":{"line":107,"column":8},"end":{"line":107,"column":20},"skip":true},"31":{"start":{"line":110,"column":4},"end":{"line":113,"column":5},"skip":true},"32":{"start":{"line":111,"column":8},"end":{"line":111,"column":67},"skip":true},"33":{"start":{"line":112,"column":8},"end":{"line":112,"column":20},"skip":true},"34":{"start":{"line":115,"column":4},"end":{"line":118,"column":5},"skip":true},"35":{"start":{"line":116,"column":8},"end":{"line":116,"column":67},"skip":true},"36":{"start":{"line":117,"column":8},"end":{"line":117,"column":20},"skip":true},"37":{"start":{"line":120,"column":4},"end":{"line":123,"column":5},"skip":true},"38":{"start":{"line":121,"column":8},"end":{"line":121,"column":69},"skip":true},"39":{"start":{"line":122,"column":8},"end":{"line":122,"column":20},"skip":true},"40":{"start":{"line":125,"column":4},"end":{"line":128,"column":5},"skip":true},"41":{"start":{"line":126,"column":8},"end":{"line":126,"column":69},"skip":true},"42":{"start":{"line":127,"column":8},"end":{"line":127,"column":20},"skip":true},"43":{"start":{"line":130,"column":4},"end":{"line":140,"column":5},"skip":true},"44":{"start":{"line":131,"column":8},"end":{"line":131,"column":36},"skip":true},"45":{"start":{"line":131,"column":29},"end":{"line":131,"column":36},"skip":true},"46":{"start":{"line":133,"column":8},"end":{"line":133,"column":48},"skip":true},"47":{"start":{"line":135,"column":8},"end":{"line":137,"column":9},"skip":true},"48":{"start":{"line":135,"column":38},"end":{"line":135,"column":65},"skip":true},"49":{"start":{"line":135,"column":70},"end":{"line":137,"column":9},"skip":true},"50":{"start":{"line":135,"column":106},"end":{"line":135,"column":139},"skip":true},"51":{"start":{"line":135,"column":144},"end":{"line":137,"column":9},"skip":true},"52":{"start":{"line":135,"column":167},"end":{"line":135,"column":193},"skip":true},"53":{"start":{"line":136,"column":12},"end":{"line":136,"column":40},"skip":true},"54":{"start":{"line":139,"column":8},"end":{"line":139,"column":23},"skip":true},"55":{"start":{"line":142,"column":4},"end":{"line":152,"column":5},"skip":true},"56":{"start":{"line":143,"column":8},"end":{"line":151,"column":9},"skip":true},"57":{"start":{"line":144,"column":12},"end":{"line":150,"column":13},"skip":true},"58":{"start":{"line":145,"column":16},"end":{"line":145,"column":148},"skip":true},"59":{"start":{"line":145,"column":45},"end":{"line":145,"column":80},"skip":true},"60":{"start":{"line":145,"column":85},"end":{"line":145,"column":148},"skip":true},"61":{"start":{"line":145,"column":113},"end":{"line":145,"column":148},"skip":true},"62":{"start":{"line":146,"column":19},"end":{"line":150,"column":13},"skip":true},"63":{"start":{"line":146,"column":66},"end":{"line":146,"column":96},"skip":true},"64":{"start":{"line":146,"column":101},"end":{"line":150,"column":13},"skip":true},"65":{"start":{"line":146,"column":149},"end":{"line":146,"column":180},"skip":true},"66":{"start":{"line":146,"column":185},"end":{"line":150,"column":13},"skip":true},"67":{"start":{"line":147,"column":16},"end":{"line":149,"column":17},"skip":true},"68":{"start":{"line":148,"column":20},"end":{"line":148,"column":86},"skip":true},"69":{"start":{"line":148,"column":51},"end":{"line":148,"column":86},"skip":true},"70":{"start":{"line":154,"column":4},"end":{"line":159,"column":5},"skip":true},"71":{"start":{"line":155,"column":8},"end":{"line":155,"column":38},"skip":true},"72":{"start":{"line":156,"column":8},"end":{"line":156,"column":39},"skip":true},"73":{"start":{"line":158,"column":8},"end":{"line":158,"column":32},"skip":true},"74":{"start":{"line":161,"column":4},"end":{"line":177,"column":5},"skip":true},"75":{"start":{"line":162,"column":8},"end":{"line":176,"column":10},"skip":true},"76":{"start":{"line":179,"column":4},"end":{"line":181,"column":5},"skip":true},"77":{"start":{"line":180,"column":8},"end":{"line":180,"column":60},"skip":true},"78":{"start":{"line":183,"column":4},"end":{"line":185,"column":5},"skip":true},"79":{"start":{"line":184,"column":8},"end":{"line":184,"column":67},"skip":true},"80":{"start":{"line":187,"column":4},"end":{"line":189,"column":5},"skip":true},"81":{"start":{"line":188,"column":8},"end":{"line":188,"column":57},"skip":true},"82":{"start":{"line":191,"column":4},"end":{"line":193,"column":5},"skip":true},"83":{"start":{"line":192,"column":8},"end":{"line":192,"column":32},"skip":true},"84":{"start":{"line":195,"column":4},"end":{"line":212,"column":6},"skip":true},"85":{"start":{"line":197,"column":12},"end":{"line":197,"column":37},"skip":true},"86":{"start":{"line":201,"column":12},"end":{"line":201,"column":29},"skip":true},"87":{"start":{"line":215,"column":0},"end":{"line":215,"column":28}},"88":{"start":{"line":216,"column":0},"end":{"line":216,"column":41}},"89":{"start":{"line":217,"column":0},"end":{"line":217,"column":50}}},"branchMap":{"1":{"line":101,"type":"if","locations":[{"start":{"line":101,"column":12},"end":{"line":101,"column":12},"skip":true},{"start":{"line":101,"column":12},"end":{"line":101,"column":12},"skip":true}]},"2":{"line":131,"type":"if","locations":[{"start":{"line":131,"column":8},"end":{"line":131,"column":8},"skip":true},{"start":{"line":131,"column":8},"end":{"line":131,"column":8},"skip":true}]},"3":{"line":135,"type":"if","locations":[{"start":{"line":135,"column":8},"end":{"line":135,"column":8},"skip":true},{"start":{"line":135,"column":8},"end":{"line":135,"column":8},"skip":true}]},"4":{"line":135,"type":"if","locations":[{"start":{"line":135,"column":70},"end":{"line":135,"column":70},"skip":true},{"start":{"line":135,"column":70},"end":{"line":135,"column":70},"skip":true}]},"5":{"line":135,"type":"if","locations":[{"start":{"line":135,"column":144},"end":{"line":135,"column":144},"skip":true},{"start":{"line":135,"column":144},"end":{"line":135,"column":144},"skip":true}]},"6":{"line":144,"type":"if","locations":[{"start":{"line":144,"column":12},"end":{"line":144,"column":12},"skip":true},{"start":{"line":144,"column":12},"end":{"line":144,"column":12},"skip":true}]},"7":{"line":144,"type":"binary-expr","locations":[{"start":{"line":144,"column":16},"end":{"line":144,"column":32},"skip":true},{"start":{"line":144,"column":36},"end":{"line":144,"column":49},"skip":true},{"start":{"line":144,"column":53},"end":{"line":144,"column":68},"skip":true}]},"8":{"line":145,"type":"if","locations":[{"start":{"line":145,"column":16},"end":{"line":145,"column":16},"skip":true},{"start":{"line":145,"column":16},"end":{"line":145,"column":16},"skip":true}]},"9":{"line":145,"type":"if","locations":[{"start":{"line":145,"column":85},"end":{"line":145,"column":85},"skip":true},{"start":{"line":145,"column":85},"end":{"line":145,"column":85},"skip":true}]},"10":{"line":146,"type":"if","locations":[{"start":{"line":146,"column":19},"end":{"line":146,"column":19},"skip":true},{"start":{"line":146,"column":19},"end":{"line":146,"column":19},"skip":true}]},"11":{"line":146,"type":"binary-expr","locations":[{"start":{"line":146,"column":23},"end":{"line":146,"column":38},"skip":true},{"start":{"line":146,"column":42},"end":{"line":146,"column":64},"skip":true}]},"12":{"line":146,"type":"if","locations":[{"start":{"line":146,"column":101},"end":{"line":146,"column":101},"skip":true},{"start":{"line":146,"column":101},"end":{"line":146,"column":101},"skip":true}]},"13":{"line":146,"type":"binary-expr","locations":[{"start":{"line":146,"column":105},"end":{"line":146,"column":121},"skip":true},{"start":{"line":146,"column":125},"end":{"line":146,"column":147},"skip":true}]},"14":{"line":146,"type":"if","locations":[{"start":{"line":146,"column":185},"end":{"line":146,"column":185},"skip":true},{"start":{"line":146,"column":185},"end":{"line":146,"column":185},"skip":true}]},"15":{"line":146,"type":"binary-expr","locations":[{"start":{"line":146,"column":189},"end":{"line":146,"column":202},"skip":true},{"start":{"line":146,"column":206},"end":{"line":146,"column":227},"skip":true}]},"16":{"line":148,"type":"if","locations":[{"start":{"line":148,"column":20},"end":{"line":148,"column":20},"skip":true},{"start":{"line":148,"column":20},"end":{"line":148,"column":20},"skip":true}]},"17":{"line":180,"type":"binary-expr","locations":[{"start":{"line":180,"column":15},"end":{"line":180,"column":40},"skip":true},{"start":{"line":180,"column":44},"end":{"line":180,"column":59},"skip":true}]},"18":{"line":184,"type":"binary-expr","locations":[{"start":{"line":184,"column":15},"end":{"line":184,"column":39},"skip":true},{"start":{"line":184,"column":43},"end":{"line":184,"column":66},"skip":true}]},"19":{"line":188,"type":"binary-expr","locations":[{"start":{"line":188,"column":15},"end":{"line":188,"column":39},"skip":true},{"start":{"line":188,"column":43},"end":{"line":188,"column":56},"skip":true}]}}},"/home/rharik/Development/MethodFitness/dagon/src/logger_module/modules/enum.js":{"path":"/home/rharik/Development/MethodFitness/dagon/src/logger_module/modules/enum.js","s":{"1":1,"2":3,"3":2,"4":0},"b":{},"f":{"1":3,"2":2,"3":0},"fnMap":{"1":{"name":"logLevels","line":5,"loc":{"start":{"line":5,"column":15},"end":{"line":5,"column":36}},"skip":true},"2":{"name":"environments","line":8,"loc":{"start":{"line":8,"column":18},"end":{"line":8,"column":42}},"skip":true},"3":{"name":"awsRegions","line":11,"loc":{"start":{"line":11,"column":16},"end":{"line":11,"column":38}},"skip":true}},"statementMap":{"1":{"start":{"line":4,"column":0},"end":{"line":14,"column":2},"skip":true},"2":{"start":{"line":6,"column":8},"end":{"line":6,"column":59},"skip":true},"3":{"start":{"line":9,"column":8},"end":{"line":9,"column":45},"skip":true},"4":{"start":{"line":12,"column":8},"end":{"line":12,"column":211},"skip":true}},"branchMap":{}},"/home/rharik/Development/MethodFitness/dagon/src/buildListofDependencies.js":{"path":"/home/rharik/Development/MethodFitness/dagon/src/buildListofDependencies.js","s":{"1":1,"2":1,"3":1,"4":1,"5":1,"6":1,"7":17,"8":24,"9":1,"10":125,"11":125,"12":96,"13":124,"14":124,"15":1,"16":101,"17":242,"18":1,"19":1,"20":1,"21":1,"22":1,"23":1,"24":101,"25":101,"26":101,"27":101,"28":1,"29":17,"30":4,"31":13,"32":13,"33":101,"34":1,"35":17,"36":17,"37":17,"38":17,"39":25,"40":242,"41":17,"42":101,"43":17,"44":17,"45":125,"46":16},"b":{"1":[24,0],"2":[22,103],"3":[1,0],"4":[0,1],"5":[0,1],"6":[0,1],"7":[4,13],"8":[17,1]},"f":{"1":17,"2":24,"3":125,"4":96,"5":101,"6":242,"7":1,"8":101,"9":17,"10":101,"11":17,"12":25,"13":242,"14":101,"15":125},"fnMap":{"1":{"name":"buildDependency","line":13,"loc":{"start":{"line":13,"column":22},"end":{"line":13,"column":62}}},"2":{"name":"(anonymous_2)","line":14,"loc":{"start":{"line":14,"column":29},"end":{"line":14,"column":42}}},"3":{"name":"wrapInstances","line":26,"loc":{"start":{"line":26,"column":20},"end":{"line":26,"column":49}}},"4":{"name":"(anonymous_4)","line":28,"loc":{"start":{"line":28,"column":64},"end":{"line":28,"column":76}}},"5":{"name":"updateDependency","line":36,"loc":{"start":{"line":36,"column":23},"end":{"line":36,"column":90}}},"6":{"name":"(anonymous_6)","line":38,"loc":{"start":{"line":38,"column":30},"end":{"line":38,"column":43}}},"7":{"name":"(anonymous_7)","line":40,"loc":{"start":{"line":40,"column":15},"end":{"line":40,"column":28}}},"8":{"name":"normalizeName","line":49,"loc":{"start":{"line":49,"column":20},"end":{"line":49,"column":49}}},"9":{"name":"getDependenciesFromProjectJson","line":56,"loc":{"start":{"line":56,"column":37},"end":{"line":56,"column":84}}},"10":{"name":"(anonymous_10)","line":61,"loc":{"start":{"line":61,"column":47},"end":{"line":61,"column":60}}},"11":{"name":"buildListOfDependencies","line":66,"loc":{"start":{"line":66,"column":17},"end":{"line":66,"column":77}}},"12":{"name":"(anonymous_12)","line":73,"loc":{"start":{"line":73,"column":50},"end":{"line":73,"column":63}}},"13":{"name":"(anonymous_13)","line":74,"loc":{"start":{"line":74,"column":27},"end":{"line":74,"column":40}}},"14":{"name":"(anonymous_14)","line":78,"loc":{"start":{"line":78,"column":19},"end":{"line":78,"column":32}}},"15":{"name":"(anonymous_15)","line":85,"loc":{"start":{"line":85,"column":19},"end":{"line":85,"column":32}}}},"statementMap":{"1":{"start":{"line":7,"column":0},"end":{"line":7,"column":37}},"2":{"start":{"line":8,"column":0},"end":{"line":8,"column":33}},"3":{"start":{"line":9,"column":0},"end":{"line":9,"column":26}},"4":{"start":{"line":10,"column":0},"end":{"line":10,"column":31}},"5":{"start":{"line":11,"column":0},"end":{"line":11,"column":27}},"6":{"start":{"line":13,"column":0},"end":{"line":24,"column":2}},"7":{"start":{"line":14,"column":4},"end":{"line":23,"column":7}},"8":{"start":{"line":15,"column":8},"end":{"line":22,"column":10}},"9":{"start":{"line":26,"column":0},"end":{"line":34,"column":2}},"10":{"start":{"line":27,"column":4},"end":{"line":27,"column":139}},"11":{"start":{"line":28,"column":4},"end":{"line":30,"column":6}},"12":{"start":{"line":29,"column":8},"end":{"line":29,"column":34}},"13":{"start":{"line":32,"column":4},"end":{"line":32,"column":147}},"14":{"start":{"line":33,"column":4},"end":{"line":33,"column":16}},"15":{"start":{"line":36,"column":0},"end":{"line":47,"column":2}},"16":{"start":{"line":38,"column":4},"end":{"line":46,"column":7}},"17":{"start":{"line":39,"column":8},"end":{"line":39,"column":50}},"18":{"start":{"line":41,"column":8},"end":{"line":41,"column":52}},"19":{"start":{"line":42,"column":8},"end":{"line":42,"column":84}},"20":{"start":{"line":43,"column":8},"end":{"line":43,"column":78}},"21":{"start":{"line":44,"column":8},"end":{"line":44,"column":94}},"22":{"start":{"line":45,"column":8},"end":{"line":45,"column":106}},"23":{"start":{"line":49,"column":0},"end":{"line":54,"column":2}},"24":{"start":{"line":50,"column":4},"end":{"line":50,"column":38}},"25":{"start":{"line":51,"column":4},"end":{"line":51,"column":36}},"26":{"start":{"line":52,"column":4},"end":{"line":52,"column":101}},"27":{"start":{"line":53,"column":4},"end":{"line":53,"column":16}},"28":{"start":{"line":56,"column":0},"end":{"line":64,"column":2}},"29":{"start":{"line":57,"column":4},"end":{"line":59,"column":5}},"30":{"start":{"line":58,"column":8},"end":{"line":58,"column":18}},"31":{"start":{"line":60,"column":4},"end":{"line":60,"column":112}},"32":{"start":{"line":61,"column":4},"end":{"line":63,"column":7}},"33":{"start":{"line":62,"column":8},"end":{"line":62,"column":51}},"34":{"start":{"line":66,"column":0},"end":{"line":89,"column":2}},"35":{"start":{"line":68,"column":4},"end":{"line":68,"column":77}},"36":{"start":{"line":69,"column":4},"end":{"line":69,"column":50}},"37":{"start":{"line":71,"column":4},"end":{"line":71,"column":55}},"38":{"start":{"line":73,"column":4},"end":{"line":77,"column":7}},"39":{"start":{"line":74,"column":8},"end":{"line":76,"column":19}},"40":{"start":{"line":75,"column":12},"end":{"line":75,"column":36}},"41":{"start":{"line":78,"column":4},"end":{"line":80,"column":7}},"42":{"start":{"line":79,"column":8},"end":{"line":79,"column":55}},"43":{"start":{"line":84,"column":4},"end":{"line":84,"column":59}},"44":{"start":{"line":85,"column":4},"end":{"line":87,"column":7}},"45":{"start":{"line":86,"column":8},"end":{"line":86,"column":32}},"46":{"start":{"line":88,"column":4},"end":{"line":88,"column":18}}},"branchMap":{"1":{"line":19,"type":"cond-expr","locations":[{"start":{"line":19,"column":27},"end":{"line":19,"column":33}},{"start":{"line":19,"column":36},"end":{"line":19,"column":42}}]},"2":{"line":28,"type":"cond-expr","locations":[{"start":{"line":28,"column":43},"end":{"line":28,"column":61}},{"start":{"line":28,"column":64},"end":{"line":30,"column":5}}]},"3":{"line":42,"type":"cond-expr","locations":[{"start":{"line":42,"column":47},"end":{"line":42,"column":56}},{"start":{"line":42,"column":59},"end":{"line":42,"column":83}}]},"4":{"line":43,"type":"cond-expr","locations":[{"start":{"line":43,"column":44},"end":{"line":43,"column":50}},{"start":{"line":43,"column":53},"end":{"line":43,"column":77}}]},"5":{"line":44,"type":"cond-expr","locations":[{"start":{"line":44,"column":52},"end":{"line":44,"column":62}},{"start":{"line":44,"column":65},"end":{"line":44,"column":93}}]},"6":{"line":45,"type":"cond-expr","locations":[{"start":{"line":45,"column":58},"end":{"line":45,"column":71}},{"start":{"line":45,"column":74},"end":{"line":45,"column":105}}]},"7":{"line":57,"type":"if","locations":[{"start":{"line":57,"column":4},"end":{"line":57,"column":4}},{"start":{"line":57,"column":4},"end":{"line":57,"column":4}}]},"8":{"line":69,"type":"binary-expr","locations":[{"start":{"line":69,"column":25},"end":{"line":69,"column":43}},{"start":{"line":69,"column":47},"end":{"line":69,"column":49}}]}}},"/home/rharik/Development/MethodFitness/dagon/src/graphResolver.js":{"path":"/home/rharik/Development/MethodFitness/dagon/src/graphResolver.js","s":{"1":1,"2":1,"3":1,"4":1,"5":8,"6":8,"7":8,"8":8,"9":47,"10":181,"11":181,"12":39,"13":181,"14":181,"15":47,"16":8},"b":{"1":[39,142]},"f":{"1":8,"2":8,"3":47,"4":181},"fnMap":{"1":{"name":"graphResolver","line":13,"loc":{"start":{"line":13,"column":17},"end":{"line":13,"column":57}}},"2":{"name":"recurse","line":15,"loc":{"start":{"line":15,"column":18},"end":{"line":15,"column":42}}},"3":{"name":"recurseTree","line":20,"loc":{"start":{"line":20,"column":22},"end":{"line":20,"column":50}}},"4":{"name":"(anonymous_4)","line":21,"loc":{"start":{"line":21,"column":22},"end":{"line":21,"column":35}}}},"statementMap":{"1":{"start":{"line":7,"column":0},"end":{"line":7,"column":33}},"2":{"start":{"line":8,"column":0},"end":{"line":8,"column":65}},"3":{"start":{"line":9,"column":0},"end":{"line":9,"column":51}},"4":{"start":{"line":13,"column":0},"end":{"line":34,"column":2}},"5":{"start":{"line":15,"column":4},"end":{"line":18,"column":6}},"6":{"start":{"line":16,"column":8},"end":{"line":16,"column":69}},"7":{"start":{"line":17,"column":8},"end":{"line":17,"column":27}},"8":{"start":{"line":20,"column":4},"end":{"line":31,"column":6}},"9":{"start":{"line":21,"column":8},"end":{"line":29,"column":11}},"10":{"start":{"line":22,"column":12},"end":{"line":22,"column":99}},"11":{"start":{"line":24,"column":12},"end":{"line":26,"column":13}},"12":{"start":{"line":25,"column":16},"end":{"line":25,"column":47}},"13":{"start":{"line":27,"column":12},"end":{"line":27,"column":89}},"14":{"start":{"line":28,"column":12},"end":{"line":28,"column":67}},"15":{"start":{"line":30,"column":8},"end":{"line":30,"column":21}},"16":{"start":{"line":33,"column":4},"end":{"line":33,"column":36}}},"branchMap":{"1":{"line":24,"type":"if","locations":[{"start":{"line":24,"column":12},"end":{"line":24,"column":12}},{"start":{"line":24,"column":12},"end":{"line":24,"column":12}}]}}},"/home/rharik/Development/MethodFitness/dagon/src/getDependenciesForItem.js":{"path":"/home/rharik/Development/MethodFitness/dagon/src/getDependenciesForItem.js","s":{"1":1,"2":1,"3":1,"4":1,"5":1,"6":316,"7":101,"8":1,"9":128,"10":127,"11":126,"12":126,"13":126,"14":126,"15":39,"16":39,"17":38,"18":1,"19":218,"20":217,"21":216,"22":216,"23":216,"24":216,"25":88,"26":88,"27":88,"28":87,"29":215,"30":1},"b":{"1":[218,98],"2":[218,0]},"f":{"1":316,"2":101,"3":128,"4":39,"5":218,"6":88},"fnMap":{"1":{"name":"flatten","line":12,"loc":{"start":{"line":12,"column":14},"end":{"line":12,"column":38}}},"2":{"name":"(anonymous_2)","line":13,"loc":{"start":{"line":13,"column":64},"end":{"line":13,"column":77}}},"3":{"name":"resolvedItemsGraph","line":18,"loc":{"start":{"line":18,"column":25},"end":{"line":18,"column":77}}},"4":{"name":"(anonymous_4)","line":24,"loc":{"start":{"line":24,"column":20},"end":{"line":24,"column":33}}},"5":{"name":"flatDependencyGraph","line":31,"loc":{"start":{"line":31,"column":26},"end":{"line":31,"column":78}}},"6":{"name":"(anonymous_6)","line":37,"loc":{"start":{"line":37,"column":32},"end":{"line":37,"column":45}}}},"statementMap":{"1":{"start":{"line":7,"column":0},"end":{"line":7,"column":47}},"2":{"start":{"line":8,"column":0},"end":{"line":8,"column":33}},"3":{"start":{"line":9,"column":0},"end":{"line":9,"column":37}},"4":{"start":{"line":10,"column":0},"end":{"line":10,"column":32}},"5":{"start":{"line":12,"column":0},"end":{"line":16,"column":2}},"6":{"start":{"line":13,"column":4},"end":{"line":15,"column":22}},"7":{"start":{"line":14,"column":8},"end":{"line":14,"column":26}},"8":{"start":{"line":18,"column":0},"end":{"line":29,"column":2}},"9":{"start":{"line":19,"column":4},"end":{"line":19,"column":84}},"10":{"start":{"line":20,"column":4},"end":{"line":20,"column":112}},"11":{"start":{"line":21,"column":4},"end":{"line":21,"column":131}},"12":{"start":{"line":22,"column":4},"end":{"line":22,"column":44}},"13":{"start":{"line":23,"column":4},"end":{"line":23,"column":79}},"14":{"start":{"line":24,"column":4},"end":{"line":28,"column":7}},"15":{"start":{"line":25,"column":8},"end":{"line":25,"column":72}},"16":{"start":{"line":26,"column":8},"end":{"line":26,"column":101}},"17":{"start":{"line":27,"column":8},"end":{"line":27,"column":21}},"18":{"start":{"line":31,"column":0},"end":{"line":44,"column":2}},"19":{"start":{"line":32,"column":4},"end":{"line":32,"column":85}},"20":{"start":{"line":33,"column":4},"end":{"line":33,"column":112}},"21":{"start":{"line":34,"column":4},"end":{"line":34,"column":153}},"22":{"start":{"line":35,"column":4},"end":{"line":35,"column":44}},"23":{"start":{"line":36,"column":4},"end":{"line":36,"column":80}},"24":{"start":{"line":37,"column":4},"end":{"line":42,"column":7}},"25":{"start":{"line":38,"column":8},"end":{"line":38,"column":40}},"26":{"start":{"line":39,"column":8},"end":{"line":39,"column":69}},"27":{"start":{"line":40,"column":8},"end":{"line":40,"column":101}},"28":{"start":{"line":41,"column":8},"end":{"line":41,"column":21}},"29":{"start":{"line":43,"column":4},"end":{"line":43,"column":33}},"30":{"start":{"line":46,"column":0},"end":{"line":49,"column":2}}},"branchMap":{"1":{"line":13,"type":"cond-expr","locations":[{"start":{"line":13,"column":34},"end":{"line":15,"column":13}},{"start":{"line":15,"column":16},"end":{"line":15,"column":21}}]},"2":{"line":13,"type":"binary-expr","locations":[{"start":{"line":13,"column":54},"end":{"line":15,"column":6}},{"start":{"line":15,"column":10},"end":{"line":15,"column":12}}]}}},"/home/rharik/Development/MethodFitness/dagon/src/getDependency.js":{"path":"/home/rharik/Development/MethodFitness/dagon/src/getDependency.js","s":{"1":1,"2":1,"3":1,"4":1,"5":8,"6":8,"7":4,"8":4,"9":4,"10":4,"11":0,"12":4,"13":4,"14":1,"15":139,"16":139,"17":139,"18":139,"19":139,"20":1375,"21":1375,"22":1375,"23":118,"24":118,"25":0,"26":0,"27":139,"28":139,"29":0,"30":139,"31":0,"32":1,"33":143,"34":141,"35":139,"36":139,"37":139,"38":139,"39":21,"40":21,"41":139,"42":8,"43":8,"44":139,"45":1,"46":46,"47":44,"48":8,"49":8,"50":8,"51":8,"52":8,"53":8,"54":29,"55":29,"56":29,"57":0,"58":0,"59":8,"60":8,"61":0,"62":8,"63":0,"64":8,"65":36,"66":1},"b":{"1":[4,0],"2":[118,1257],"3":[0,139],"4":[139,118],"5":[0,139],"6":[21,118],"7":[8,131],"8":[8,36],"9":[29,0],"10":[0,8],"11":[8,0],"12":[0,8],"13":[34,2]},"f":{"1":8,"2":0,"3":139,"4":143,"5":46},"fnMap":{"1":{"name":"tryRequireDependency","line":10,"loc":{"start":{"line":10,"column":27},"end":{"line":10,"column":73}}},"2":{"name":"wrappedInstance","line":18,"loc":{"start":{"line":18,"column":33},"end":{"line":18,"column":60}}},"3":{"name":"findDependency","line":30,"loc":{"start":{"line":30,"column":21},"end":{"line":30,"column":69}}},"4":{"name":"fullDependency","line":61,"loc":{"start":{"line":61,"column":21},"end":{"line":61,"column":78}}},"5":{"name":"resolvedInstance","line":77,"loc":{"start":{"line":77,"column":23},"end":{"line":77,"column":82}}}},"statementMap":{"1":{"start":{"line":6,"column":0},"end":{"line":6,"column":55}},"2":{"start":{"line":7,"column":0},"end":{"line":7,"column":33}},"3":{"start":{"line":8,"column":0},"end":{"line":8,"column":37}},"4":{"start":{"line":10,"column":0},"end":{"line":28,"column":2}},"5":{"start":{"line":11,"column":4},"end":{"line":27,"column":5}},"6":{"start":{"line":12,"column":8},"end":{"line":12,"column":52}},"7":{"start":{"line":13,"column":8},"end":{"line":22,"column":9}},"8":{"start":{"line":14,"column":12},"end":{"line":14,"column":85}},"9":{"start":{"line":15,"column":12},"end":{"line":15,"column":85}},"10":{"start":{"line":16,"column":12},"end":{"line":21,"column":14}},"11":{"start":{"line":19,"column":20},"end":{"line":19,"column":41}},"12":{"start":{"line":24,"column":8},"end":{"line":24,"column":107}},"13":{"start":{"line":25,"column":8},"end":{"line":25,"column":72}},"14":{"start":{"line":30,"column":0},"end":{"line":59,"column":2}},"15":{"start":{"line":31,"column":4},"end":{"line":31,"column":41}},"16":{"start":{"line":32,"column":4},"end":{"line":32,"column":34}},"17":{"start":{"line":33,"column":4},"end":{"line":33,"column":35}},"18":{"start":{"line":35,"column":4},"end":{"line":58,"column":5}},"19":{"start":{"line":36,"column":8},"end":{"line":44,"column":9}},"20":{"start":{"line":37,"column":12},"end":{"line":37,"column":32}},"21":{"start":{"line":39,"column":12},"end":{"line":39,"column":101}},"22":{"start":{"line":40,"column":12},"end":{"line":43,"column":13}},"23":{"start":{"line":41,"column":16},"end":{"line":41,"column":93}},"24":{"start":{"line":42,"column":16},"end":{"line":42,"column":25}},"25":{"start":{"line":46,"column":8},"end":{"line":46,"column":33}},"26":{"start":{"line":47,"column":8},"end":{"line":47,"column":29}},"27":{"start":{"line":49,"column":8},"end":{"line":57,"column":9}},"28":{"start":{"line":50,"column":12},"end":{"line":52,"column":13}},"29":{"start":{"line":51,"column":16},"end":{"line":51,"column":38}},"30":{"start":{"line":54,"column":12},"end":{"line":56,"column":13}},"31":{"start":{"line":55,"column":16},"end":{"line":55,"column":37}},"32":{"start":{"line":61,"column":0},"end":{"line":75,"column":2}},"33":{"start":{"line":62,"column":4},"end":{"line":62,"column":91}},"34":{"start":{"line":63,"column":4},"end":{"line":63,"column":76}},"35":{"start":{"line":64,"column":4},"end":{"line":64,"column":13}},"36":{"start":{"line":65,"column":4},"end":{"line":65,"column":102}},"37":{"start":{"line":66,"column":4},"end":{"line":66,"column":59}},"38":{"start":{"line":67,"column":4},"end":{"line":70,"column":5}},"39":{"start":{"line":68,"column":8},"end":{"line":68,"column":140}},"40":{"start":{"line":69,"column":8},"end":{"line":69,"column":66}},"41":{"start":{"line":70,"column":5},"end":{"line":73,"column":5}},"42":{"start":{"line":71,"column":8},"end":{"line":71,"column":135}},"43":{"start":{"line":72,"column":8},"end":{"line":72,"column":52}},"44":{"start":{"line":74,"column":4},"end":{"line":74,"column":16}},"45":{"start":{"line":77,"column":0},"end":{"line":111,"column":2}},"46":{"start":{"line":78,"column":4},"end":{"line":78,"column":69}},"47":{"start":{"line":79,"column":4},"end":{"line":109,"column":5}},"48":{"start":{"line":80,"column":8},"end":{"line":80,"column":35}},"49":{"start":{"line":81,"column":8},"end":{"line":81,"column":46}},"50":{"start":{"line":82,"column":8},"end":{"line":82,"column":39}},"51":{"start":{"line":83,"column":8},"end":{"line":83,"column":40}},"52":{"start":{"line":85,"column":8},"end":{"line":106,"column":9}},"53":{"start":{"line":86,"column":12},"end":{"line":92,"column":13}},"54":{"start":{"line":87,"column":16},"end":{"line":87,"column":37}},"55":{"start":{"line":89,"column":16},"end":{"line":91,"column":17}},"56":{"start":{"line":90,"column":20},"end":{"line":90,"column":63}},"57":{"start":{"line":94,"column":12},"end":{"line":94,"column":38}},"58":{"start":{"line":95,"column":12},"end":{"line":95,"column":34}},"59":{"start":{"line":97,"column":12},"end":{"line":105,"column":13}},"60":{"start":{"line":98,"column":16},"end":{"line":100,"column":17}},"61":{"start":{"line":99,"column":20},"end":{"line":99,"column":43}},"62":{"start":{"line":102,"column":16},"end":{"line":104,"column":17}},"63":{"start":{"line":103,"column":20},"end":{"line":103,"column":42}},"64":{"start":{"line":108,"column":8},"end":{"line":108,"column":33}},"65":{"start":{"line":110,"column":4},"end":{"line":110,"column":64}},"66":{"start":{"line":113,"column":0},"end":{"line":116,"column":2}}},"branchMap":{"1":{"line":13,"type":"if","locations":[{"start":{"line":13,"column":8},"end":{"line":13,"column":8}},{"start":{"line":13,"column":8},"end":{"line":13,"column":8}}]},"2":{"line":40,"type":"if","locations":[{"start":{"line":40,"column":12},"end":{"line":40,"column":12}},{"start":{"line":40,"column":12},"end":{"line":40,"column":12}}]},"3":{"line":50,"type":"if","locations":[{"start":{"line":50,"column":12},"end":{"line":50,"column":12}},{"start":{"line":50,"column":12},"end":{"line":50,"column":12}}]},"4":{"line":50,"type":"binary-expr","locations":[{"start":{"line":50,"column":16},"end":{"line":50,"column":42}},{"start":{"line":50,"column":46},"end":{"line":50,"column":65}}]},"5":{"line":54,"type":"if","locations":[{"start":{"line":54,"column":12},"end":{"line":54,"column":12}},{"start":{"line":54,"column":12},"end":{"line":54,"column":12}}]},"6":{"line":67,"type":"if","locations":[{"start":{"line":67,"column":4},"end":{"line":67,"column":4}},{"start":{"line":67,"column":4},"end":{"line":67,"column":4}}]},"7":{"line":70,"type":"if","locations":[{"start":{"line":70,"column":5},"end":{"line":70,"column":5}},{"start":{"line":70,"column":5},"end":{"line":70,"column":5}}]},"8":{"line":79,"type":"if","locations":[{"start":{"line":79,"column":4},"end":{"line":79,"column":4}},{"start":{"line":79,"column":4},"end":{"line":79,"column":4}}]},"9":{"line":89,"type":"if","locations":[{"start":{"line":89,"column":16},"end":{"line":89,"column":16}},{"start":{"line":89,"column":16},"end":{"line":89,"column":16}}]},"10":{"line":98,"type":"if","locations":[{"start":{"line":98,"column":16},"end":{"line":98,"column":16}},{"start":{"line":98,"column":16},"end":{"line":98,"column":16}}]},"11":{"line":98,"type":"binary-expr","locations":[{"start":{"line":98,"column":20},"end":{"line":98,"column":47}},{"start":{"line":98,"column":51},"end":{"line":98,"column":71}}]},"12":{"line":102,"type":"if","locations":[{"start":{"line":102,"column":16},"end":{"line":102,"column":16}},{"start":{"line":102,"column":16},"end":{"line":102,"column":16}}]},"13":{"line":110,"type":"cond-expr","locations":[{"start":{"line":110,"column":24},"end":{"line":110,"column":51}},{"start":{"line":110,"column":54},"end":{"line":110,"column":63}}]}}},"/home/rharik/Development/MethodFitness/dagon/src/groupDependencies.js":{"path":"/home/rharik/Development/MethodFitness/dagon/src/groupDependencies.js","s":{"1":1,"2":1,"3":1,"4":1,"5":33,"6":3,"7":3,"8":3,"9":3,"10":3,"11":3,"12":3,"13":3,"14":12,"15":12,"16":12,"17":9,"18":9,"19":0,"20":0,"21":3,"22":3,"23":0,"24":3,"25":0,"26":3,"27":33,"28":28,"29":28,"30":28,"31":28,"32":28,"33":28,"34":28,"35":92,"36":92,"37":92,"38":64,"39":64,"40":0,"41":0,"42":28,"43":28,"44":0,"45":28,"46":0,"47":28,"48":18,"49":33,"50":32,"51":31,"52":31,"53":28,"54":3},"b":{"1":[9,3],"2":[0,3],"3":[3,0],"4":[0,3],"5":[64,28],"6":[0,28],"7":[28,0],"8":[0,28],"9":[18,10],"10":[28,3]},"f":{"1":33,"2":3,"3":28},"fnMap":{"1":{"name":"(anonymous_1)","line":11,"loc":{"start":{"line":11,"column":17},"end":{"line":11,"column":45}}},"2":{"name":"buildGroupAsHash","line":13,"loc":{"start":{"line":13,"column":27},"end":{"line":13,"column":64}}},"3":{"name":"buildGroupAsArray","line":49,"loc":{"start":{"line":49,"column":28},"end":{"line":49,"column":66}}}},"statementMap":{"1":{"start":{"line":7,"column":0},"end":{"line":7,"column":37}},"2":{"start":{"line":8,"column":0},"end":{"line":8,"column":26}},"3":{"start":{"line":9,"column":0},"end":{"line":9,"column":33}},"4":{"start":{"line":11,"column":0},"end":{"line":94,"column":2}},"5":{"start":{"line":13,"column":4},"end":{"line":47,"column":6}},"6":{"start":{"line":14,"column":8},"end":{"line":14,"column":51}},"7":{"start":{"line":15,"column":8},"end":{"line":15,"column":98}},"8":{"start":{"line":16,"column":8},"end":{"line":16,"column":22}},"9":{"start":{"line":17,"column":8},"end":{"line":17,"column":45}},"10":{"start":{"line":18,"column":8},"end":{"line":18,"column":38}},"11":{"start":{"line":19,"column":8},"end":{"line":19,"column":39}},"12":{"start":{"line":21,"column":8},"end":{"line":44,"column":9}},"13":{"start":{"line":22,"column":12},"end":{"line":30,"column":13}},"14":{"start":{"line":23,"column":16},"end":{"line":23,"column":36}},"15":{"start":{"line":25,"column":16},"end":{"line":25,"column":101}},"16":{"start":{"line":26,"column":16},"end":{"line":29,"column":17}},"17":{"start":{"line":27,"column":20},"end":{"line":27,"column":105}},"18":{"start":{"line":28,"column":20},"end":{"line":28,"column":37}},"19":{"start":{"line":32,"column":12},"end":{"line":32,"column":37}},"20":{"start":{"line":33,"column":12},"end":{"line":33,"column":33}},"21":{"start":{"line":35,"column":12},"end":{"line":43,"column":13}},"22":{"start":{"line":36,"column":16},"end":{"line":38,"column":17}},"23":{"start":{"line":37,"column":20},"end":{"line":37,"column":42}},"24":{"start":{"line":40,"column":16},"end":{"line":42,"column":17}},"25":{"start":{"line":41,"column":20},"end":{"line":41,"column":41}},"26":{"start":{"line":46,"column":8},"end":{"line":46,"column":20}},"27":{"start":{"line":49,"column":4},"end":{"line":84,"column":6}},"28":{"start":{"line":50,"column":8},"end":{"line":50,"column":52}},"29":{"start":{"line":51,"column":8},"end":{"line":51,"column":22}},"30":{"start":{"line":52,"column":8},"end":{"line":52,"column":46}},"31":{"start":{"line":53,"column":8},"end":{"line":53,"column":39}},"32":{"start":{"line":54,"column":8},"end":{"line":54,"column":40}},"33":{"start":{"line":56,"column":8},"end":{"line":79,"column":9}},"34":{"start":{"line":57,"column":12},"end":{"line":65,"column":13}},"35":{"start":{"line":58,"column":16},"end":{"line":58,"column":37}},"36":{"start":{"line":60,"column":16},"end":{"line":60,"column":102}},"37":{"start":{"line":61,"column":16},"end":{"line":64,"column":17}},"38":{"start":{"line":62,"column":20},"end":{"line":62,"column":106}},"39":{"start":{"line":63,"column":20},"end":{"line":63,"column":33}},"40":{"start":{"line":67,"column":12},"end":{"line":67,"column":38}},"41":{"start":{"line":68,"column":12},"end":{"line":68,"column":34}},"42":{"start":{"line":70,"column":12},"end":{"line":78,"column":13}},"43":{"start":{"line":71,"column":16},"end":{"line":73,"column":17}},"44":{"start":{"line":72,"column":20},"end":{"line":72,"column":43}},"45":{"start":{"line":75,"column":16},"end":{"line":77,"column":17}},"46":{"start":{"line":76,"column":20},"end":{"line":76,"column":42}},"47":{"start":{"line":81,"column":8},"end":{"line":83,"column":9}},"48":{"start":{"line":82,"column":12},"end":{"line":82,"column":24}},"49":{"start":{"line":86,"column":4},"end":{"line":86,"column":76}},"50":{"start":{"line":87,"column":4},"end":{"line":87,"column":87}},"51":{"start":{"line":89,"column":4},"end":{"line":89,"column":76}},"52":{"start":{"line":90,"column":4},"end":{"line":92,"column":5}},"53":{"start":{"line":91,"column":8},"end":{"line":91,"column":44}},"54":{"start":{"line":93,"column":4},"end":{"line":93,"column":39}}},"branchMap":{"1":{"line":26,"type":"if","locations":[{"start":{"line":26,"column":16},"end":{"line":26,"column":16}},{"start":{"line":26,"column":16},"end":{"line":26,"column":16}}]},"2":{"line":36,"type":"if","locations":[{"start":{"line":36,"column":16},"end":{"line":36,"column":16}},{"start":{"line":36,"column":16},"end":{"line":36,"column":16}}]},"3":{"line":36,"type":"binary-expr","locations":[{"start":{"line":36,"column":20},"end":{"line":36,"column":46}},{"start":{"line":36,"column":50},"end":{"line":36,"column":69}}]},"4":{"line":40,"type":"if","locations":[{"start":{"line":40,"column":16},"end":{"line":40,"column":16}},{"start":{"line":40,"column":16},"end":{"line":40,"column":16}}]},"5":{"line":61,"type":"if","locations":[{"start":{"line":61,"column":16},"end":{"line":61,"column":16}},{"start":{"line":61,"column":16},"end":{"line":61,"column":16}}]},"6":{"line":71,"type":"if","locations":[{"start":{"line":71,"column":16},"end":{"line":71,"column":16}},{"start":{"line":71,"column":16},"end":{"line":71,"column":16}}]},"7":{"line":71,"type":"binary-expr","locations":[{"start":{"line":71,"column":20},"end":{"line":71,"column":47}},{"start":{"line":71,"column":51},"end":{"line":71,"column":71}}]},"8":{"line":75,"type":"if","locations":[{"start":{"line":75,"column":16},"end":{"line":75,"column":16}},{"start":{"line":75,"column":16},"end":{"line":75,"column":16}}]},"9":{"line":81,"type":"if","locations":[{"start":{"line":81,"column":8},"end":{"line":81,"column":8}},{"start":{"line":81,"column":8},"end":{"line":81,"column":8}}]},"10":{"line":90,"type":"if","locations":[{"start":{"line":90,"column":4},"end":{"line":90,"column":4}},{"start":{"line":90,"column":4},"end":{"line":90,"column":4}}]}}},"/home/rharik/Development/MethodFitness/dagon/src/resolveInstance.js":{"path":"/home/rharik/Development/MethodFitness/dagon/src/resolveInstance.js","s":{"1":1,"2":1,"3":1,"4":1,"5":1,"6":211,"7":116,"8":116,"9":116,"10":30,"11":116,"12":211,"13":211,"14":95,"15":95,"16":116,"17":116,"18":116,"19":116,"20":116,"21":116,"22":116,"23":116,"24":211},"b":{"1":[95,116]},"f":{"1":211,"2":116,"3":30,"4":211},"fnMap":{"1":{"name":"resolveInstance","line":12,"loc":{"start":{"line":12,"column":17},"end":{"line":12,"column":84}}},"2":{"name":"getAllResolvedDependencies","line":14,"loc":{"start":{"line":14,"column":37},"end":{"line":14,"column":93}}},"3":{"name":"(anonymous_3)","line":17,"loc":{"start":{"line":17,"column":35},"end":{"line":17,"column":48}}},"4":{"name":"attemptToResolveInstance","line":23,"loc":{"start":{"line":23,"column":35},"end":{"line":23,"column":95}}}},"statementMap":{"1":{"start":{"line":7,"column":0},"end":{"line":7,"column":59}},"2":{"start":{"line":8,"column":0},"end":{"line":8,"column":33}},"3":{"start":{"line":9,"column":0},"end":{"line":9,"column":65}},"4":{"start":{"line":10,"column":0},"end":{"line":10,"column":37}},"5":{"start":{"line":12,"column":0},"end":{"line":42,"column":2}},"6":{"start":{"line":14,"column":4},"end":{"line":21,"column":6}},"7":{"start":{"line":15,"column":8},"end":{"line":15,"column":129}},"8":{"start":{"line":16,"column":8},"end":{"line":16,"column":24}},"9":{"start":{"line":17,"column":8},"end":{"line":19,"column":11}},"10":{"start":{"line":18,"column":12},"end":{"line":18,"column":108}},"11":{"start":{"line":20,"column":8},"end":{"line":20,"column":22}},"12":{"start":{"line":23,"column":4},"end":{"line":39,"column":6}},"13":{"start":{"line":24,"column":8},"end":{"line":27,"column":9}},"14":{"start":{"line":25,"column":12},"end":{"line":25,"column":114}},"15":{"start":{"line":26,"column":12},"end":{"line":26,"column":24}},"16":{"start":{"line":28,"column":8},"end":{"line":28,"column":96}},"17":{"start":{"line":29,"column":8},"end":{"line":29,"column":78}},"18":{"start":{"line":31,"column":8},"end":{"line":31,"column":116}},"19":{"start":{"line":32,"column":8},"end":{"line":32,"column":101}},"20":{"start":{"line":34,"column":8},"end":{"line":34,"column":114}},"21":{"start":{"line":35,"column":8},"end":{"line":35,"column":80}},"22":{"start":{"line":37,"column":8},"end":{"line":37,"column":93}},"23":{"start":{"line":38,"column":8},"end":{"line":38,"column":20}},"24":{"start":{"line":41,"column":4},"end":{"line":41,"column":61}}},"branchMap":{"1":{"line":24,"type":"if","locations":[{"start":{"line":24,"column":8},"end":{"line":24,"column":8}},{"start":{"line":24,"column":8},"end":{"line":24,"column":8}}]}}},"/home/rharik/Development/MethodFitness/dagon/src/instantiateInstance.js":{"path":"/home/rharik/Development/MethodFitness/dagon/src/instantiateInstance.js","s":{"1":1,"2":1,"3":1,"4":1,"5":2,"6":2,"7":2,"8":1,"9":1,"10":1,"11":1,"12":2,"13":1,"14":4,"15":4,"16":4,"17":3,"18":1,"19":4,"20":1,"21":2,"22":2,"23":2,"24":1,"25":1,"26":2,"27":1,"28":6,"29":6,"30":6,"31":6,"32":2,"33":4,"34":4,"35":6,"36":2,"37":6,"38":1,"39":127,"40":127,"41":127,"42":126,"43":125,"44":124,"45":124,"46":124,"47":124,"48":0,"49":0,"50":0,"51":124,"52":6,"53":6,"54":6,"55":0,"56":0,"57":0,"58":118},"b":{"1":[1,1],"2":[1,0],"3":[3,1],"4":[1,1],"5":[2,4],"6":[4,0],"7":[2,4],"8":[2,0],"9":[16,108],"10":[6,118]},"f":{"1":2,"2":4,"3":2,"4":6,"5":127},"fnMap":{"1":{"name":"instantiateClass","line":10,"loc":{"start":{"line":10,"column":0},"end":{"line":10,"column":58}}},"2":{"name":"instantiateFunc","line":23,"loc":{"start":{"line":23,"column":0},"end":{"line":23,"column":57}}},"3":{"name":"initialize","line":33,"loc":{"start":{"line":33,"column":0},"end":{"line":33,"column":52}}},"4":{"name":"instantiateResolvedInstance","line":44,"loc":{"start":{"line":44,"column":34},"end":{"line":44,"column":93}}},"5":{"name":"instantiateInstance","line":61,"loc":{"start":{"line":61,"column":17},"end":{"line":61,"column":74}}}},"statementMap":{"1":{"start":{"line":6,"column":0},"end":{"line":6,"column":33}},"2":{"start":{"line":7,"column":0},"end":{"line":7,"column":37}},"3":{"start":{"line":8,"column":0},"end":{"line":8,"column":53}},"4":{"start":{"line":10,"column":0},"end":{"line":21,"column":1}},"5":{"start":{"line":11,"column":4},"end":{"line":11,"column":121}},"6":{"start":{"line":12,"column":4},"end":{"line":12,"column":15}},"7":{"start":{"line":13,"column":4},"end":{"line":19,"column":5}},"8":{"start":{"line":14,"column":8},"end":{"line":14,"column":54}},"9":{"start":{"line":15,"column":8},"end":{"line":15,"column":67}},"10":{"start":{"line":16,"column":8},"end":{"line":16,"column":41}},"11":{"start":{"line":18,"column":8},"end":{"line":18,"column":36}},"12":{"start":{"line":20,"column":4},"end":{"line":20,"column":18}},"13":{"start":{"line":23,"column":0},"end":{"line":32,"column":1}},"14":{"start":{"line":24,"column":4},"end":{"line":24,"column":97}},"15":{"start":{"line":25,"column":4},"end":{"line":25,"column":15}},"16":{"start":{"line":26,"column":4},"end":{"line":30,"column":5}},"17":{"start":{"line":27,"column":8},"end":{"line":27,"column":79}},"18":{"start":{"line":29,"column":8},"end":{"line":29,"column":32}},"19":{"start":{"line":31,"column":4},"end":{"line":31,"column":18}},"20":{"start":{"line":33,"column":0},"end":{"line":42,"column":1}},"21":{"start":{"line":34,"column":4},"end":{"line":34,"column":124}},"22":{"start":{"line":35,"column":4},"end":{"line":35,"column":15}},"23":{"start":{"line":36,"column":4},"end":{"line":40,"column":5}},"24":{"start":{"line":37,"column":8},"end":{"line":37,"column":161}},"25":{"start":{"line":39,"column":8},"end":{"line":39,"column":71}},"26":{"start":{"line":41,"column":4},"end":{"line":41,"column":18}},"27":{"start":{"line":44,"column":0},"end":{"line":59,"column":2}},"28":{"start":{"line":45,"column":4},"end":{"line":45,"column":15}},"29":{"start":{"line":46,"column":4},"end":{"line":46,"column":46}},"30":{"start":{"line":47,"column":4},"end":{"line":47,"column":126}},"31":{"start":{"line":49,"column":4},"end":{"line":53,"column":5}},"32":{"start":{"line":50,"column":8},"end":{"line":50,"column":66}},"33":{"start":{"line":51,"column":11},"end":{"line":53,"column":5}},"34":{"start":{"line":52,"column":8},"end":{"line":52,"column":65}},"35":{"start":{"line":55,"column":4},"end":{"line":57,"column":5}},"36":{"start":{"line":56,"column":8},"end":{"line":56,"column":78}},"37":{"start":{"line":58,"column":4},"end":{"line":58,"column":18}},"38":{"start":{"line":61,"column":0},"end":{"line":88,"column":2}},"39":{"start":{"line":62,"column":4},"end":{"line":62,"column":14}},"40":{"start":{"line":63,"column":4},"end":{"line":63,"column":21}},"41":{"start":{"line":64,"column":4},"end":{"line":64,"column":63}},"42":{"start":{"line":65,"column":4},"end":{"line":65,"column":120}},"43":{"start":{"line":66,"column":4},"end":{"line":66,"column":99}},"44":{"start":{"line":68,"column":4},"end":{"line":68,"column":100}},"45":{"start":{"line":69,"column":4},"end":{"line":69,"column":144}},"46":{"start":{"line":70,"column":4},"end":{"line":76,"column":5}},"47":{"start":{"line":71,"column":8},"end":{"line":71,"column":153}},"48":{"start":{"line":73,"column":8},"end":{"line":73,"column":161}},"49":{"start":{"line":74,"column":8},"end":{"line":74,"column":83}},"50":{"start":{"line":75,"column":8},"end":{"line":75,"column":20}},"51":{"start":{"line":77,"column":4},"end":{"line":86,"column":5}},"52":{"start":{"line":78,"column":8},"end":{"line":78,"column":131}},"53":{"start":{"line":79,"column":8},"end":{"line":85,"column":9}},"54":{"start":{"line":80,"column":12},"end":{"line":80,"column":67}},"55":{"start":{"line":82,"column":12},"end":{"line":82,"column":117}},"56":{"start":{"line":83,"column":12},"end":{"line":83,"column":115}},"57":{"start":{"line":84,"column":12},"end":{"line":84,"column":24}},"58":{"start":{"line":87,"column":4},"end":{"line":87,"column":24}}},"branchMap":{"1":{"line":13,"type":"if","locations":[{"start":{"line":13,"column":4},"end":{"line":13,"column":4}},{"start":{"line":13,"column":4},"end":{"line":13,"column":4}}]},"2":{"line":16,"type":"cond-expr","locations":[{"start":{"line":16,"column":35},"end":{"line":16,"column":36}},{"start":{"line":16,"column":39},"end":{"line":16,"column":40}}]},"3":{"line":26,"type":"if","locations":[{"start":{"line":26,"column":4},"end":{"line":26,"column":4}},{"start":{"line":26,"column":4},"end":{"line":26,"column":4}}]},"4":{"line":36,"type":"if","locations":[{"start":{"line":36,"column":4},"end":{"line":36,"column":4}},{"start":{"line":36,"column":4},"end":{"line":36,"column":4}}]},"5":{"line":49,"type":"if","locations":[{"start":{"line":49,"column":4},"end":{"line":49,"column":4}},{"start":{"line":49,"column":4},"end":{"line":49,"column":4}}]},"6":{"line":51,"type":"if","locations":[{"start":{"line":51,"column":11},"end":{"line":51,"column":11}},{"start":{"line":51,"column":11},"end":{"line":51,"column":11}}]},"7":{"line":55,"type":"if","locations":[{"start":{"line":55,"column":4},"end":{"line":55,"column":4}},{"start":{"line":55,"column":4},"end":{"line":55,"column":4}}]},"8":{"line":56,"type":"cond-expr","locations":[{"start":{"line":56,"column":55},"end":{"line":56,"column":61}},{"start":{"line":56,"column":64},"end":{"line":56,"column":76}}]},"9":{"line":71,"type":"cond-expr","locations":[{"start":{"line":71,"column":57},"end":{"line":71,"column":127}},{"start":{"line":71,"column":130},"end":{"line":71,"column":152}}]},"10":{"line":77,"type":"if","locations":[{"start":{"line":77,"column":4},"end":{"line":77,"column":4}},{"start":{"line":77,"column":4},"end":{"line":77,"column":4}}]}}},"/home/rharik/Development/MethodFitness/dagon/src/exceptionHandler.js":{"path":"/home/rharik/Development/MethodFitness/dagon/src/exceptionHandler.js","s":{"1":1,"2":1,"3":1,"4":1,"5":1,"6":1,"7":1,"8":2,"9":2,"10":2,"11":2,"12":1,"13":1,"14":1,"15":2},"b":{"1":[1,1]},"f":{"1":1,"2":2},"fnMap":{"1":{"name":"(anonymous_1)","line":8,"loc":{"start":{"line":8,"column":17},"end":{"line":8,"column":41}}},"2":{"name":"errorHandler","line":15,"loc":{"start":{"line":15,"column":19},"end":{"line":15,"column":48}}}},"statementMap":{"1":{"start":{"line":6,"column":0},"end":{"line":6,"column":42}},"2":{"start":{"line":8,"column":0},"end":{"line":13,"column":2}},"3":{"start":{"line":9,"column":4},"end":{"line":9,"column":37}},"4":{"start":{"line":10,"column":4},"end":{"line":10,"column":28}},"5":{"start":{"line":11,"column":4},"end":{"line":11,"column":43}},"6":{"start":{"line":12,"column":4},"end":{"line":12,"column":17}},"7":{"start":{"line":15,"column":0},"end":{"line":25,"column":2}},"8":{"start":{"line":16,"column":4},"end":{"line":16,"column":32}},"9":{"start":{"line":17,"column":4},"end":{"line":17,"column":20}},"10":{"start":{"line":18,"column":4},"end":{"line":18,"column":27}},"11":{"start":{"line":19,"column":4},"end":{"line":23,"column":5}},"12":{"start":{"line":20,"column":8},"end":{"line":20,"column":24}},"13":{"start":{"line":21,"column":8},"end":{"line":21,"column":69}},"14":{"start":{"line":22,"column":8},"end":{"line":22,"column":70}},"15":{"start":{"line":24,"column":4},"end":{"line":24,"column":19}}},"branchMap":{"1":{"line":19,"type":"if","locations":[{"start":{"line":19,"column":4},"end":{"line":19,"column":4}},{"start":{"line":19,"column":4},"end":{"line":19,"column":4}}]}}}}