TN:
SF:/home/rharik/Development/MethodFitness/dagon/babelhook.js
FNF:0
FNH:0
DA:3,1
LF:1
LH:1
BRF:0
BRH:0
end_of_record
TN:
SF:/home/rharik/Development/MethodFitness/dagon/src/Container.js
FN:8,(anonymous_1)
FN:8,defineProperties
FN:8,(anonymous_3)
FN:12,_classCallCheck
FN:24,(anonymous_5)
FN:25,Container
FN:55,getInstanceOf
FN:56,(anonymous_8)
FN:69,getArrayOfGroup
FN:70,(anonymous_10)
FN:76,getHashOfGroup
FN:79,(anonymous_12)
FN:92,whatDoIHave
FN:94,(anonymous_14)
FNF:14
FNH:10
FNDA:1,(anonymous_1)
FNDA:1,defineProperties
FNDA:1,(anonymous_3)
FNDA:9,_classCallCheck
FNDA:1,(anonymous_5)
FNDA:9,Container
FNDA:4,getInstanceOf
FNDA:59,(anonymous_8)
FNDA:0,getArrayOfGroup
FNDA:0,(anonymous_10)
FNDA:0,getHashOfGroup
FNDA:0,(anonymous_12)
FNDA:2,whatDoIHave
FNDA:32,(anonymous_14)
DA:8,4
DA:12,9
DA:14,1
DA:15,1
DA:16,1
DA:17,1
DA:18,1
DA:19,1
DA:20,1
DA:21,1
DA:22,1
DA:24,1
DA:25,1
DA:26,9
DA:28,9
DA:29,9
DA:31,8
DA:32,8
DA:34,8
DA:35,8
DA:37,8
DA:38,8
DA:40,8
DA:41,8
DA:43,1
DA:53,1
DA:56,4
DA:57,59
DA:59,4
DA:70,0
DA:71,0
DA:77,0
DA:78,0
DA:79,0
DA:80,0
DA:82,0
DA:93,2
DA:94,2
DA:95,32
DA:96,32
DA:97,0
DA:99,32
DA:100,0
DA:102,32
DA:133,1
LF:45
LH:36
BRDA:8,1,0,4
BRDA:8,1,1,4
BRDA:8,2,0,4
BRDA:8,2,1,0
BRDA:8,3,0,1
BRDA:8,3,1,0
BRDA:8,4,0,0
BRDA:8,4,1,1
BRDA:12,5,0,0
BRDA:12,5,1,9
BRDA:29,6,0,9
BRDA:29,6,1,8
BRDA:59,7,0,2
BRDA:59,7,1,2
BRDA:93,8,0,2
BRDA:93,8,1,2
BRDA:96,9,0,0
BRDA:96,9,1,32
BRDA:99,10,0,0
BRDA:99,10,1,32
BRF:20
BRH:18
end_of_record
TN:
SF:/home/rharik/Development/MethodFitness/dagon/src/RegistryDSL.js
FN:9,(anonymous_1)
FN:9,defineProperties
FN:9,(anonymous_3)
FN:13,_classCallCheck
FN:21,(anonymous_5)
FN:22,RegistryDSL
FN:37,pathToRoot
FN:54,requireDirectory
FN:64,(anonymous_9)
FN:66,(anonymous_10)
FN:78,requireDirectoryRecursively
FN:94,groupAllInDirectory
FN:106,(anonymous_13)
FN:108,(anonymous_14)
FN:121,_for
FN:126,(anonymous_16)
FN:139,require
FN:157,renameTo
FN:166,completeDependencyDeclaration
FN:179,instantiate
FN:188,recurseDirectories
FN:194,(anonymous_22)
FN:200,(anonymous_23)
FN:202,(anonymous_24)
FN:204,(anonymous_25)
FN:210,processFile
FN:225,normalizeName
FN:233,complete
FNF:28
FNH:28
FNDA:1,(anonymous_1)
FNDA:1,defineProperties
FNDA:1,(anonymous_3)
FNDA:30,_classCallCheck
FNDA:1,(anonymous_5)
FNDA:30,RegistryDSL
FNDA:19,pathToRoot
FNDA:2,requireDirectory
FNDA:17,(anonymous_9)
FNDA:15,(anonymous_10)
FNDA:2,requireDirectoryRecursively
FNDA:5,groupAllInDirectory
FNDA:26,(anonymous_13)
FNDA:23,(anonymous_14)
FNDA:21,_for
FNDA:29,(anonymous_16)
FNDA:19,require
FNDA:2,renameTo
FNDA:36,completeDependencyDeclaration
FNDA:2,instantiate
FNDA:3,recurseDirectories
FNDA:27,(anonymous_22)
FNDA:27,(anonymous_23)
FNDA:24,(anonymous_24)
FNDA:24,(anonymous_25)
FNDA:62,processFile
FNDA:62,normalizeName
FNDA:12,complete
DA:9,13
DA:13,30
DA:15,1
DA:16,1
DA:17,1
DA:18,1
DA:19,1
DA:21,1
DA:22,1
DA:23,30
DA:25,30
DA:26,30
DA:27,30
DA:35,1
DA:38,19
DA:39,19
DA:40,19
DA:41,18
DA:42,18
DA:43,18
DA:57,2
DA:59,2
DA:60,1
DA:61,1
DA:62,1
DA:63,1
DA:64,1
DA:65,17
DA:67,15
DA:69,1
DA:79,2
DA:80,1
DA:81,1
DA:82,1
DA:83,1
DA:84,1
DA:97,5
DA:99,5
DA:100,3
DA:101,2
DA:102,2
DA:103,2
DA:104,2
DA:105,2
DA:106,2
DA:107,26
DA:109,23
DA:111,2
DA:122,21
DA:123,20
DA:124,20
DA:125,20
DA:126,20
DA:127,29
DA:129,20
DA:140,19
DA:141,18
DA:142,17
DA:143,17
DA:144,17
DA:145,17
DA:147,17
DA:158,2
DA:159,2
DA:160,2
DA:161,2
DA:162,2
DA:167,36
DA:168,16
DA:169,16
DA:180,2
DA:181,2
DA:182,1
DA:183,1
DA:184,1
DA:191,3
DA:193,3
DA:194,3
DA:195,27
DA:196,27
DA:197,2
DA:199,27
DA:201,27
DA:203,24
DA:205,24
DA:211,62
DA:212,62
DA:213,0
DA:215,62
DA:216,62
DA:217,62
DA:218,62
DA:219,62
DA:226,62
DA:227,62
DA:228,62
DA:229,62
DA:234,12
DA:236,12
DA:243,1
LF:100
LH:99
BRDA:9,1,0,13
BRDA:9,1,1,13
BRDA:9,2,0,13
BRDA:9,2,1,0
BRDA:9,3,0,1
BRDA:9,3,1,0
BRDA:9,4,0,0
BRDA:9,4,1,1
BRDA:13,5,0,0
BRDA:13,5,1,30
BRDA:102,6,0,2
BRDA:102,6,1,0
BRDA:126,7,0,20
BRDA:126,7,1,20
BRDA:143,8,0,17
BRDA:143,8,1,0
BRDA:143,9,0,17
BRDA:143,9,1,16
BRDA:167,10,0,16
BRDA:167,10,1,20
BRDA:196,11,0,2
BRDA:196,11,1,25
BRDA:196,12,0,27
BRDA:196,12,1,27
BRDA:212,13,0,0
BRDA:212,13,1,62
BRDA:219,14,0,62
BRDA:219,14,1,39
BRF:28
BRH:25
end_of_record
TN:
SF:/home/rharik/Development/MethodFitness/dagon/src/InstantiateDSL.js
FN:9,(anonymous_1)
FN:9,defineProperties
FN:9,(anonymous_3)
FN:13,_classCallCheck
FN:18,(anonymous_5)
FN:19,InstantiateDSL
FN:27,asClass
FN:34,asFunc
FN:41,withParameters
FN:50,(anonymous_10)
FN:61,initializeWithMethod
FN:69,withInitParameters
FN:79,(anonymous_13)
FN:90,getOptions
FNF:14
FNH:13
FNDA:1,(anonymous_1)
FNDA:1,defineProperties
FNDA:1,(anonymous_3)
FNDA:13,_classCallCheck
FNDA:1,(anonymous_5)
FNDA:13,InstantiateDSL
FNDA:5,asClass
FNDA:0,asFunc
FNDA:5,withParameters
FNDA:2,(anonymous_10)
FNDA:7,initializeWithMethod
FNDA:5,withInitParameters
FNDA:2,(anonymous_13)
FNDA:2,getOptions
DA:9,6
DA:13,13
DA:15,1
DA:16,1
DA:18,1
DA:19,1
DA:20,13
DA:22,13
DA:25,1
DA:28,5
DA:29,5
DA:30,5
DA:35,0
DA:36,0
DA:37,0
DA:43,5
DA:45,5
DA:46,4
DA:47,3
DA:48,3
DA:49,1
DA:50,1
DA:51,2
DA:53,1
DA:55,2
DA:57,3
DA:62,7
DA:63,6
DA:64,6
DA:65,6
DA:71,5
DA:73,5
DA:74,4
DA:75,3
DA:76,3
DA:77,3
DA:78,1
DA:79,1
DA:80,2
DA:82,1
DA:84,2
DA:86,3
DA:91,2
DA:95,1
LF:44
LH:41
BRDA:9,1,0,6
BRDA:9,1,1,6
BRDA:9,2,0,6
BRDA:9,2,1,0
BRDA:9,3,0,1
BRDA:9,3,1,0
BRDA:9,4,0,0
BRDA:9,4,1,1
BRDA:13,5,0,0
BRDA:13,5,1,13
BRDA:48,6,0,1
BRDA:48,6,1,2
BRDA:77,7,0,1
BRDA:77,7,1,2
BRF:14
BRH:14
end_of_record
TN:
SF:/home/rharik/Development/MethodFitness/dagon/src/logger.js
FNF:0
FNH:0
DA:3,1
DA:4,1
DA:6,1
LF:3
LH:3
BRF:0
BRH:0
end_of_record
TN:
SF:/home/rharik/Development/MethodFitness/dagon/src/logger_module/index.js
FN:12,loggerBase
FN:74,addConsoleSink
FN:81,addDailyRotateFileSink
FN:88,addLogstashSink
FN:95,clearTestSink
FN:99,validate
FN:100,(anonymous_7)
FN:105,error
FN:110,warn
FN:115,info
FN:120,debug
FN:125,trace
FN:130,mapContext
FN:142,mapObject
FN:154,mapError
FN:161,createEmptyMessage
FN:179,isNumeric
FN:183,isString
FN:187,isObject
FN:191,isArray
FN:196,getContext
FN:200,exposeInternals
FNF:22
FNH:22
FNDA:1,loggerBase
FNDA:0,addConsoleSink
FNDA:0,addDailyRotateFileSink
FNDA:0,addLogstashSink
FNDA:0,clearTestSink
FNDA:1,validate
FNDA:1,(anonymous_7)
FNDA:0,error
FNDA:0,warn
FNDA:8,info
FNDA:11,debug
FNDA:4153,trace
FNDA:4172,mapContext
FNDA:0,mapObject
FNDA:0,mapError
FNDA:4172,createEmptyMessage
FNDA:0,isNumeric
FNDA:4172,isString
FNDA:0,isObject
FNDA:0,isArray
FNDA:0,getContext
FNDA:0,exposeInternals
DA:3,1
DA:10,1
DA:12,1
DA:13,1
DA:71,1
DA:72,1
DA:74,1
DA:75,1
DA:76,1
DA:77,1
DA:78,1
DA:81,1
DA:82,1
DA:83,1
DA:84,1
DA:85,1
DA:88,1
DA:89,1
DA:90,1
DA:91,1
DA:92,1
DA:95,1
DA:96,1
DA:99,1
DA:100,1
DA:101,1
DA:105,1
DA:106,1
DA:107,1
DA:110,1
DA:111,1
DA:112,1
DA:115,1
DA:116,8
DA:117,8
DA:120,1
DA:121,11
DA:122,11
DA:125,1
DA:126,4153
DA:127,4153
DA:130,1
DA:131,4172
DA:133,4172
DA:135,4172
DA:136,1
DA:139,4172
DA:142,1
DA:143,1
DA:144,1
DA:145,1
DA:146,1
DA:147,1
DA:148,1
DA:154,1
DA:155,1
DA:156,1
DA:158,1
DA:161,1
DA:162,4172
DA:179,1
DA:180,1
DA:183,1
DA:184,4172
DA:187,1
DA:188,1
DA:191,1
DA:192,1
DA:195,1
DA:197,1
DA:201,1
DA:215,1
DA:216,1
DA:217,1
LF:74
LH:74
BRDA:101,1,0,0
BRDA:101,1,1,1
BRDA:131,2,0,0
BRDA:131,2,1,4172
BRDA:135,3,0,0
BRDA:135,3,1,4172
BRDA:135,4,0,0
BRDA:135,4,1,4172
BRDA:135,5,0,4172
BRDA:135,5,1,0
BRDA:144,6,0,0
BRDA:144,6,1,0
BRDA:144,7,0,0
BRDA:144,7,1,0
BRDA:144,7,2,0
BRDA:145,8,0,0
BRDA:145,8,1,0
BRDA:145,9,0,0
BRDA:145,9,1,0
BRDA:146,10,0,0
BRDA:146,10,1,0
BRDA:146,11,0,0
BRDA:146,11,1,0
BRDA:146,12,0,0
BRDA:146,12,1,0
BRDA:146,13,0,0
BRDA:146,13,1,0
BRDA:146,14,0,0
BRDA:146,14,1,0
BRDA:146,15,0,0
BRDA:146,15,1,0
BRDA:148,16,0,0
BRDA:148,16,1,0
BRDA:180,17,0,0
BRDA:180,17,1,0
BRDA:184,18,0,4172
BRDA:184,18,1,0
BRDA:188,19,0,0
BRDA:188,19,1,0
BRF:39
BRH:39
end_of_record
TN:
SF:/home/rharik/Development/MethodFitness/dagon/src/logger_module/modules/enum.js
FN:5,logLevels
FN:8,environments
FN:11,awsRegions
FNF:3
FNH:3
FNDA:3,logLevels
FNDA:2,environments
FNDA:0,awsRegions
DA:4,1
DA:6,3
DA:9,2
DA:12,1
LF:4
LH:4
BRF:0
BRH:0
end_of_record
TN:
SF:/home/rharik/Development/MethodFitness/dagon/src/buildListofDependencies.js
FN:13,buildDependency
FN:14,(anonymous_2)
FN:26,wrapInstances
FN:28,(anonymous_4)
FN:36,updateDependency
FN:38,(anonymous_6)
FN:40,(anonymous_7)
FN:49,normalizeName
FN:56,getDependenciesFromProjectJson
FN:61,(anonymous_10)
FN:66,buildListOfDependencies
FN:73,(anonymous_12)
FN:74,(anonymous_13)
FN:78,(anonymous_14)
FN:85,(anonymous_15)
FNF:15
FNH:15
FNDA:17,buildDependency
FNDA:24,(anonymous_2)
FNDA:125,wrapInstances
FNDA:96,(anonymous_4)
FNDA:101,updateDependency
FNDA:242,(anonymous_6)
FNDA:1,(anonymous_7)
FNDA:101,normalizeName
FNDA:17,getDependenciesFromProjectJson
FNDA:101,(anonymous_10)
FNDA:17,buildListOfDependencies
FNDA:25,(anonymous_12)
FNDA:242,(anonymous_13)
FNDA:101,(anonymous_14)
FNDA:125,(anonymous_15)
DA:7,1
DA:8,1
DA:9,1
DA:10,1
DA:11,1
DA:13,1
DA:14,17
DA:15,24
DA:26,1
DA:27,125
DA:28,125
DA:29,96
DA:32,124
DA:33,124
DA:36,1
DA:38,101
DA:39,242
DA:41,1
DA:42,1
DA:43,1
DA:44,1
DA:45,1
DA:49,1
DA:50,101
DA:51,101
DA:52,101
DA:53,101
DA:56,1
DA:57,17
DA:58,4
DA:60,13
DA:61,13
DA:62,101
DA:66,1
DA:68,17
DA:69,17
DA:71,17
DA:73,17
DA:74,25
DA:75,242
DA:78,17
DA:79,101
DA:84,17
DA:85,17
DA:86,125
DA:88,16
LF:46
LH:46
BRDA:19,1,0,24
BRDA:19,1,1,0
BRDA:28,2,0,22
BRDA:28,2,1,103
BRDA:42,3,0,1
BRDA:42,3,1,0
BRDA:43,4,0,0
BRDA:43,4,1,1
BRDA:44,5,0,0
BRDA:44,5,1,1
BRDA:45,6,0,0
BRDA:45,6,1,1
BRDA:57,7,0,4
BRDA:57,7,1,13
BRDA:69,8,0,17
BRDA:69,8,1,1
BRF:16
BRH:11
end_of_record
TN:
SF:/home/rharik/Development/MethodFitness/dagon/src/graphResolver.js
FN:13,graphResolver
FN:15,recurse
FN:20,recurseTree
FN:21,(anonymous_4)
FNF:4
FNH:4
FNDA:8,graphResolver
FNDA:8,recurse
FNDA:47,recurseTree
FNDA:181,(anonymous_4)
DA:7,1
DA:8,1
DA:9,1
DA:13,1
DA:15,8
DA:16,8
DA:17,8
DA:20,8
DA:21,47
DA:22,181
DA:24,181
DA:25,39
DA:27,181
DA:28,181
DA:30,47
DA:33,8
LF:16
LH:16
BRDA:24,1,0,39
BRDA:24,1,1,142
BRF:2
BRH:2
end_of_record
TN:
SF:/home/rharik/Development/MethodFitness/dagon/src/getDependenciesForItem.js
FN:12,flatten
FN:13,(anonymous_2)
FN:18,resolvedItemsGraph
FN:24,(anonymous_4)
FN:31,flatDependencyGraph
FN:37,(anonymous_6)
FNF:6
FNH:6
FNDA:316,flatten
FNDA:101,(anonymous_2)
FNDA:128,resolvedItemsGraph
FNDA:39,(anonymous_4)
FNDA:218,flatDependencyGraph
FNDA:88,(anonymous_6)
DA:7,1
DA:8,1
DA:9,1
DA:10,1
DA:12,1
DA:13,316
DA:14,101
DA:18,1
DA:19,128
DA:20,127
DA:21,126
DA:22,126
DA:23,126
DA:24,126
DA:25,39
DA:26,39
DA:27,38
DA:31,1
DA:32,218
DA:33,217
DA:34,216
DA:35,216
DA:36,216
DA:37,216
DA:38,88
DA:39,88
DA:40,88
DA:41,87
DA:43,215
DA:46,1
LF:30
LH:30
BRDA:13,1,0,218
BRDA:13,1,1,98
BRDA:13,2,0,218
BRDA:13,2,1,0
BRF:4
BRH:3
end_of_record
TN:
SF:/home/rharik/Development/MethodFitness/dagon/src/getDependency.js
FN:10,tryRequireDependency
FN:18,wrappedInstance
FN:30,findDependency
FN:61,fullDependency
FN:77,resolvedInstance
FNF:5
FNH:4
FNDA:8,tryRequireDependency
FNDA:0,wrappedInstance
FNDA:139,findDependency
FNDA:143,fullDependency
FNDA:46,resolvedInstance
DA:6,1
DA:7,1
DA:8,1
DA:10,1
DA:11,8
DA:12,8
DA:13,4
DA:14,4
DA:15,4
DA:16,4
DA:19,0
DA:24,4
DA:25,4
DA:30,1
DA:31,139
DA:32,139
DA:33,139
DA:35,139
DA:36,139
DA:37,1375
DA:39,1375
DA:40,1375
DA:41,118
DA:42,118
DA:46,0
DA:47,0
DA:49,139
DA:50,139
DA:51,0
DA:54,139
DA:55,0
DA:61,1
DA:62,143
DA:63,141
DA:64,139
DA:65,139
DA:66,139
DA:67,139
DA:68,21
DA:69,21
DA:70,139
DA:71,8
DA:72,8
DA:74,139
DA:77,1
DA:78,46
DA:79,44
DA:80,8
DA:81,8
DA:82,8
DA:83,8
DA:85,8
DA:86,8
DA:87,29
DA:89,29
DA:90,29
DA:94,0
DA:95,0
DA:97,8
DA:98,8
DA:99,0
DA:102,8
DA:103,0
DA:108,8
DA:110,36
DA:113,1
LF:66
LH:57
BRDA:13,1,0,4
BRDA:13,1,1,0
BRDA:40,2,0,118
BRDA:40,2,1,1257
BRDA:50,3,0,0
BRDA:50,3,1,139
BRDA:50,4,0,139
BRDA:50,4,1,118
BRDA:54,5,0,0
BRDA:54,5,1,139
BRDA:67,6,0,21
BRDA:67,6,1,118
BRDA:70,7,0,8
BRDA:70,7,1,131
BRDA:79,8,0,8
BRDA:79,8,1,36
BRDA:89,9,0,29
BRDA:89,9,1,0
BRDA:98,10,0,0
BRDA:98,10,1,8
BRDA:98,11,0,8
BRDA:98,11,1,0
BRDA:102,12,0,0
BRDA:102,12,1,8
BRDA:110,13,0,34
BRDA:110,13,1,2
BRF:26
BRH:19
end_of_record
TN:
SF:/home/rharik/Development/MethodFitness/dagon/src/groupDependencies.js
FN:11,(anonymous_1)
FN:13,buildGroupAsHash
FN:49,buildGroupAsArray
FNF:3
FNH:3
FNDA:33,(anonymous_1)
FNDA:3,buildGroupAsHash
FNDA:28,buildGroupAsArray
DA:7,1
DA:8,1
DA:9,1
DA:11,1
DA:13,33
DA:14,3
DA:15,3
DA:16,3
DA:17,3
DA:18,3
DA:19,3
DA:21,3
DA:22,3
DA:23,12
DA:25,12
DA:26,12
DA:27,9
DA:28,9
DA:32,0
DA:33,0
DA:35,3
DA:36,3
DA:37,0
DA:40,3
DA:41,0
DA:46,3
DA:49,33
DA:50,28
DA:51,28
DA:52,28
DA:53,28
DA:54,28
DA:56,28
DA:57,28
DA:58,92
DA:60,92
DA:61,92
DA:62,64
DA:63,64
DA:67,0
DA:68,0
DA:70,28
DA:71,28
DA:72,0
DA:75,28
DA:76,0
DA:81,28
DA:82,18
DA:86,33
DA:87,32
DA:89,31
DA:90,31
DA:91,28
DA:93,3
LF:54
LH:46
BRDA:26,1,0,9
BRDA:26,1,1,3
BRDA:36,2,0,0
BRDA:36,2,1,3
BRDA:36,3,0,3
BRDA:36,3,1,0
BRDA:40,4,0,0
BRDA:40,4,1,3
BRDA:61,5,0,64
BRDA:61,5,1,28
BRDA:71,6,0,0
BRDA:71,6,1,28
BRDA:71,7,0,28
BRDA:71,7,1,0
BRDA:75,8,0,0
BRDA:75,8,1,28
BRDA:81,9,0,18
BRDA:81,9,1,10
BRDA:90,10,0,28
BRDA:90,10,1,3
BRF:20
BRH:14
end_of_record
TN:
SF:/home/rharik/Development/MethodFitness/dagon/src/resolveInstance.js
FN:12,resolveInstance
FN:14,getAllResolvedDependencies
FN:17,(anonymous_3)
FN:23,attemptToResolveInstance
FNF:4
FNH:4
FNDA:211,resolveInstance
FNDA:116,getAllResolvedDependencies
FNDA:30,(anonymous_3)
FNDA:211,attemptToResolveInstance
DA:7,1
DA:8,1
DA:9,1
DA:10,1
DA:12,1
DA:14,211
DA:15,116
DA:16,116
DA:17,116
DA:18,30
DA:20,116
DA:23,211
DA:24,211
DA:25,95
DA:26,95
DA:28,116
DA:29,116
DA:31,116
DA:32,116
DA:34,116
DA:35,116
DA:37,116
DA:38,116
DA:41,211
LF:24
LH:24
BRDA:24,1,0,95
BRDA:24,1,1,116
BRF:2
BRH:2
end_of_record
TN:
SF:/home/rharik/Development/MethodFitness/dagon/src/instantiateInstance.js
FN:10,instantiateClass
FN:23,instantiateFunc
FN:33,initialize
FN:44,instantiateResolvedInstance
FN:61,instantiateInstance
FNF:5
FNH:5
FNDA:2,instantiateClass
FNDA:4,instantiateFunc
FNDA:2,initialize
FNDA:6,instantiateResolvedInstance
FNDA:127,instantiateInstance
DA:6,1
DA:7,1
DA:8,1
DA:10,1
DA:11,2
DA:12,2
DA:13,2
DA:14,1
DA:15,1
DA:16,1
DA:18,1
DA:20,2
DA:23,1
DA:24,4
DA:25,4
DA:26,4
DA:27,3
DA:29,1
DA:31,4
DA:33,1
DA:34,2
DA:35,2
DA:36,2
DA:37,1
DA:39,1
DA:41,2
DA:44,1
DA:45,6
DA:46,6
DA:47,6
DA:49,6
DA:50,2
DA:51,4
DA:52,4
DA:55,6
DA:56,2
DA:58,6
DA:61,1
DA:62,127
DA:63,127
DA:64,127
DA:65,126
DA:66,125
DA:68,124
DA:69,124
DA:70,124
DA:71,124
DA:73,0
DA:74,0
DA:75,0
DA:77,124
DA:78,6
DA:79,6
DA:80,6
DA:82,0
DA:83,0
DA:84,0
DA:87,118
LF:58
LH:52
BRDA:13,1,0,1
BRDA:13,1,1,1
BRDA:16,2,0,1
BRDA:16,2,1,0
BRDA:26,3,0,3
BRDA:26,3,1,1
BRDA:36,4,0,1
BRDA:36,4,1,1
BRDA:49,5,0,2
BRDA:49,5,1,4
BRDA:51,6,0,4
BRDA:51,6,1,0
BRDA:55,7,0,2
BRDA:55,7,1,4
BRDA:56,8,0,2
BRDA:56,8,1,0
BRDA:71,9,0,16
BRDA:71,9,1,108
BRDA:77,10,0,6
BRDA:77,10,1,118
BRF:20
BRH:17
end_of_record
TN:
SF:/home/rharik/Development/MethodFitness/dagon/src/exceptionHandler.js
FN:8,(anonymous_1)
FN:15,errorHandler
FNF:2
FNH:2
FNDA:1,(anonymous_1)
FNDA:2,errorHandler
DA:6,1
DA:8,1
DA:9,1
DA:10,1
DA:11,1
DA:12,1
DA:15,1
DA:16,2
DA:17,2
DA:18,2
DA:19,2
DA:20,1
DA:21,1
DA:22,1
DA:24,2
LF:15
LH:15
BRDA:19,1,0,1
BRDA:19,1,1,1
BRF:2
BRH:2
end_of_record
